#! /util/verilog-0.9.7/bin/vvp
:ivl_version "0.9.7 " "(v0_9_7)";
:vpi_time_precision + 0;
:vpi_module "system";
:vpi_module "v2005_math";
:vpi_module "va_math";
S_0x1123d80 .scope module, "testbench" "testbench" 2 1;
 .timescale 0 0;
v0x114b590_0 .net "cin", 0 0, v0x114b370_0; 1 drivers
v0x114b610_0 .net "cout", 0 0, L_0x1155360; 1 drivers
RS_0x7f298b94bb48/0/0 .resolv tri, L_0x114c0f0, L_0x114cc60, L_0x114d6f0, L_0x114e030;
RS_0x7f298b94bb48/0/4 .resolv tri, L_0x114e740, L_0x114f500, L_0x114fc90, L_0x11508e0;
RS_0x7f298b94bb48/0/8 .resolv tri, L_0x114e9b0, L_0x1151cf0, L_0x11523f0, L_0x1153070;
RS_0x7f298b94bb48/0/12 .resolv tri, L_0x1153710, L_0x1153a20, L_0x1154d80, L_0x1155180;
RS_0x7f298b94bb48 .resolv tri, RS_0x7f298b94bb48/0/0, RS_0x7f298b94bb48/0/4, RS_0x7f298b94bb48/0/8, RS_0x7f298b94bb48/0/12;
v0x114b690_0 .net8 "s", 15 0, RS_0x7f298b94bb48; 16 drivers
v0x114b760_0 .net "x", 15 0, v0x114b220_0; 1 drivers
v0x114b830_0 .net "y", 15 0, v0x114b2c0_0; 1 drivers
S_0x114b130 .scope module, "test" "test_adder" 2 4, 2 9, S_0x1123d80;
 .timescale 0 0;
v0x114b220_0 .var "a", 15 0;
v0x114b2c0_0 .var "b", 15 0;
v0x114b370_0 .var "cin", 0 0;
v0x114b440_0 .alias "cout", 0 0, v0x114b610_0;
v0x114b510_0 .alias "s", 15 0, v0x114b690_0;
S_0x1117db0 .scope module, "adder" "sixteen_bit_adder" 2 5, 2 45, S_0x1123d80;
 .timescale 0 0;
RS_0x7f298b94bb18/0/0 .resolv tri, L_0x114c190, L_0x114cd90, L_0x114d790, L_0x114e170;
RS_0x7f298b94bb18/0/4 .resolv tri, L_0x114eb80, L_0x114f420, L_0x1150060, L_0x1150720;
RS_0x7f298b94bb18/0/8 .resolv tri, L_0x1150f90, L_0x1151b70, L_0x1152490, L_0x1152ea0;
RS_0x7f298b94bb18/0/12 .resolv tri, L_0x11537b0, L_0x1153ac0, L_0x1154e20, C4<zzzzzzzzzzzzzzzz>;
RS_0x7f298b94bb18 .resolv tri, RS_0x7f298b94bb18/0/0, RS_0x7f298b94bb18/0/4, RS_0x7f298b94bb18/0/8, RS_0x7f298b94bb18/0/12;
v0x114ad90_0 .net8 "c", 15 0, RS_0x7f298b94bb18; 15 drivers
v0x114ae50_0 .alias "cin", 0 0, v0x114b590_0;
v0x114aed0_0 .alias "cout", 0 0, v0x114b610_0;
v0x114af80_0 .alias "s", 15 0, v0x114b690_0;
v0x114b030_0 .alias "x", 15 0, v0x114b760_0;
v0x114b0b0_0 .alias "y", 15 0, v0x114b830_0;
L_0x114be90 .part v0x114b220_0, 0, 1;
L_0x114bfc0 .part v0x114b2c0_0, 0, 1;
L_0x114c0f0 .part/pv L_0x114b990, 0, 1, 16;
L_0x114c190 .part/pv L_0x114bca0, 0, 1, 16;
L_0x114c770 .part v0x114b220_0, 1, 1;
L_0x114c930 .part v0x114b2c0_0, 1, 1;
L_0x114cb30 .part RS_0x7f298b94bb18, 0, 1;
L_0x114cc60 .part/pv L_0x114c290, 1, 1, 16;
L_0x114cd90 .part/pv L_0x114c580, 1, 1, 16;
L_0x114d200 .part v0x114b220_0, 2, 1;
L_0x114d390 .part v0x114b2c0_0, 2, 1;
L_0x114d4c0 .part RS_0x7f298b94bb18, 1, 1;
L_0x114d6f0 .part/pv L_0x114ce90, 2, 1, 16;
L_0x114d790 .part/pv L_0x114d0b0, 2, 1, 16;
L_0x114dc10 .part v0x114b220_0, 3, 1;
L_0x114dd40 .part v0x114b2c0_0, 3, 1;
L_0x114df00 .part RS_0x7f298b94bb18, 2, 1;
L_0x114e030 .part/pv L_0x114d8b0, 3, 1, 16;
L_0x114e170 .part/pv L_0x114da80, 3, 1, 16;
L_0x114e610 .part v0x114b220_0, 4, 1;
L_0x114e0d0 .part v0x114b2c0_0, 4, 1;
L_0x114e880 .part RS_0x7f298b94bb18, 3, 1;
L_0x114e740 .part/pv L_0x114e210, 4, 1, 16;
L_0x114eb80 .part/pv L_0x114e480, 4, 1, 16;
L_0x114f030 .part v0x114b220_0, 5, 1;
L_0x114f270 .part v0x114b2c0_0, 5, 1;
L_0x114ec20 .part RS_0x7f298b94bb18, 4, 1;
L_0x114f500 .part/pv L_0x114eac0, 5, 1, 16;
L_0x114f420 .part/pv L_0x114eea0, 5, 1, 16;
L_0x114fb60 .part v0x114b220_0, 6, 1;
L_0x114f6b0 .part v0x114b2c0_0, 6, 1;
L_0x114fe20 .part RS_0x7f298b94bb18, 5, 1;
L_0x114fc90 .part/pv L_0x114f7a0, 6, 1, 16;
L_0x1150060 .part/pv L_0x114fa10, 6, 1, 16;
L_0x11504c0 .part v0x114b220_0, 7, 1;
L_0x11505f0 .part v0x114b2c0_0, 7, 1;
L_0x1150100 .part RS_0x7f298b94bb18, 6, 1;
L_0x11508e0 .part/pv L_0x114ff50, 7, 1, 16;
L_0x1150720 .part/pv L_0x1150330, 7, 1, 16;
L_0x1150e60 .part v0x114b220_0, 8, 1;
L_0x1150980 .part v0x114b2c0_0, 8, 1;
L_0x11510e0 .part RS_0x7f298b94bb18, 7, 1;
L_0x114e9b0 .part/pv L_0x11501a0, 8, 1, 16;
L_0x1150f90 .part/pv L_0x1150cd0, 8, 1, 16;
L_0x1151910 .part v0x114b220_0, 9, 1;
L_0x1151a40 .part v0x114b2c0_0, 9, 1;
L_0x1151420 .part RS_0x7f298b94bb18, 8, 1;
L_0x1151cf0 .part/pv L_0x114ea50, 9, 1, 16;
L_0x1151b70 .part/pv L_0x1151750, 9, 1, 16;
L_0x11522c0 .part v0x114b220_0, 10, 1;
L_0x1151d90 .part v0x114b2c0_0, 10, 1;
L_0x1152590 .part RS_0x7f298b94bb18, 9, 1;
L_0x11523f0 .part/pv L_0x1151c70, 10, 1, 16;
L_0x1152490 .part/pv L_0x1152130, 10, 1, 16;
L_0x1152c40 .part v0x114b220_0, 11, 1;
L_0x1152d70 .part v0x114b2c0_0, 11, 1;
L_0x11526c0 .part RS_0x7f298b94bb18, 10, 1;
L_0x1153070 .part/pv L_0x1152530, 11, 1, 16;
L_0x1152ea0 .part/pv L_0x1152a90, 11, 1, 16;
L_0x11535e0 .part v0x114b220_0, 12, 1;
L_0x1153110 .part v0x114b2c0_0, 12, 1;
L_0x1153240 .part RS_0x7f298b94bb18, 11, 1;
L_0x1153710 .part/pv L_0x1152fa0, 12, 1, 16;
L_0x11537b0 .part/pv L_0x1153450, 12, 1, 16;
L_0x1153f70 .part v0x114b220_0, 13, 1;
L_0x114f160 .part v0x114b2c0_0, 13, 1;
L_0x114f310 .part RS_0x7f298b94bb18, 12, 1;
L_0x1153a20 .part/pv L_0x1153ba0, 13, 1, 16;
L_0x1153ac0 .part/pv L_0x1153dc0, 13, 1, 16;
L_0x1154c50 .part v0x114b220_0, 14, 1;
L_0x1154980 .part v0x114b2c0_0, 14, 1;
L_0x1154ab0 .part RS_0x7f298b94bb18, 13, 1;
L_0x1154d80 .part/pv L_0x114f3b0, 14, 1, 16;
L_0x1154e20 .part/pv L_0x1154660, 14, 1, 16;
L_0x1155530 .part v0x114b220_0, 15, 1;
L_0x1155660 .part v0x114b2c0_0, 15, 1;
L_0x1155050 .part RS_0x7f298b94bb18, 14, 1;
L_0x1155180 .part/pv L_0x1154b50, 15, 1, 16;
S_0x114a6b0 .scope module, "FA0" "full_adder" 2 48, 2 77, S_0x1117db0;
 .timescale 0 0;
L_0x114b900 .functor XOR 1, L_0x114be90, L_0x114bfc0, C4<0>, C4<0>;
L_0x114b990 .functor XOR 1, L_0x114b900, v0x114b370_0, C4<0>, C4<0>;
L_0x114bb00 .functor AND 1, L_0x114be90, v0x114b370_0, C4<1>, C4<1>;
L_0x114bb60 .functor AND 1, L_0x114bfc0, v0x114b370_0, C4<1>, C4<1>;
L_0x114bc10 .functor AND 1, L_0x114be90, L_0x114bfc0, C4<1>, C4<1>;
L_0x114bca0 .functor OR 1, L_0x114bb00, L_0x114bb60, L_0x114bc10, C4<0>;
v0x114a7a0_0 .net "a", 0 0, L_0x114be90; 1 drivers
v0x114a860_0 .net "b", 0 0, L_0x114bfc0; 1 drivers
v0x114a900_0 .alias "c", 0 0, v0x114b590_0;
v0x114a9a0_0 .net "cout", 0 0, L_0x114bca0; 1 drivers
v0x114aa20_0 .net "s", 0 0, L_0x114b990; 1 drivers
v0x114aac0_0 .net "w1", 0 0, L_0x114b900; 1 drivers
v0x114ab60_0 .net "w2", 0 0, L_0x114bb00; 1 drivers
v0x114ac00_0 .net "w3", 0 0, L_0x114bb60; 1 drivers
v0x114acf0_0 .net "w4", 0 0, L_0x114bc10; 1 drivers
S_0x1149fd0 .scope module, "FA1" "full_adder" 2 49, 2 77, S_0x1117db0;
 .timescale 0 0;
L_0x114c230 .functor XOR 1, L_0x114c770, L_0x114c930, C4<0>, C4<0>;
L_0x114c290 .functor XOR 1, L_0x114c230, L_0x114cb30, C4<0>, C4<0>;
L_0x114c340 .functor AND 1, L_0x114c770, L_0x114cb30, C4<1>, C4<1>;
L_0x114c470 .functor AND 1, L_0x114c930, L_0x114cb30, C4<1>, C4<1>;
L_0x114c520 .functor AND 1, L_0x114c770, L_0x114c930, C4<1>, C4<1>;
L_0x114c580 .functor OR 1, L_0x114c340, L_0x114c470, L_0x114c520, C4<0>;
v0x114a0c0_0 .net "a", 0 0, L_0x114c770; 1 drivers
v0x114a180_0 .net "b", 0 0, L_0x114c930; 1 drivers
v0x114a220_0 .net "c", 0 0, L_0x114cb30; 1 drivers
v0x114a2c0_0 .net "cout", 0 0, L_0x114c580; 1 drivers
v0x114a340_0 .net "s", 0 0, L_0x114c290; 1 drivers
v0x114a3e0_0 .net "w1", 0 0, L_0x114c230; 1 drivers
v0x114a480_0 .net "w2", 0 0, L_0x114c340; 1 drivers
v0x114a520_0 .net "w3", 0 0, L_0x114c470; 1 drivers
v0x114a610_0 .net "w4", 0 0, L_0x114c520; 1 drivers
S_0x11498f0 .scope module, "FA2" "full_adder" 2 50, 2 77, S_0x1117db0;
 .timescale 0 0;
L_0x114ce30 .functor XOR 1, L_0x114d200, L_0x114d390, C4<0>, C4<0>;
L_0x114ce90 .functor XOR 1, L_0x114ce30, L_0x114d4c0, C4<0>, C4<0>;
L_0x114cef0 .functor AND 1, L_0x114d200, L_0x114d4c0, C4<1>, C4<1>;
L_0x114cfa0 .functor AND 1, L_0x114d390, L_0x114d4c0, C4<1>, C4<1>;
L_0x114d050 .functor AND 1, L_0x114d200, L_0x114d390, C4<1>, C4<1>;
L_0x114d0b0 .functor OR 1, L_0x114cef0, L_0x114cfa0, L_0x114d050, C4<0>;
v0x11499e0_0 .net "a", 0 0, L_0x114d200; 1 drivers
v0x1149aa0_0 .net "b", 0 0, L_0x114d390; 1 drivers
v0x1149b40_0 .net "c", 0 0, L_0x114d4c0; 1 drivers
v0x1149be0_0 .net "cout", 0 0, L_0x114d0b0; 1 drivers
v0x1149c60_0 .net "s", 0 0, L_0x114ce90; 1 drivers
v0x1149d00_0 .net "w1", 0 0, L_0x114ce30; 1 drivers
v0x1149da0_0 .net "w2", 0 0, L_0x114cef0; 1 drivers
v0x1149e40_0 .net "w3", 0 0, L_0x114cfa0; 1 drivers
v0x1149f30_0 .net "w4", 0 0, L_0x114d050; 1 drivers
S_0x1149210 .scope module, "FA3" "full_adder" 2 51, 2 77, S_0x1117db0;
 .timescale 0 0;
L_0x114d330 .functor XOR 1, L_0x114dc10, L_0x114dd40, C4<0>, C4<0>;
L_0x114d8b0 .functor XOR 1, L_0x114d330, L_0x114df00, C4<0>, C4<0>;
L_0x114d910 .functor AND 1, L_0x114dc10, L_0x114df00, C4<1>, C4<1>;
L_0x114d970 .functor AND 1, L_0x114dd40, L_0x114df00, C4<1>, C4<1>;
L_0x114da20 .functor AND 1, L_0x114dc10, L_0x114dd40, C4<1>, C4<1>;
L_0x114da80 .functor OR 1, L_0x114d910, L_0x114d970, L_0x114da20, C4<0>;
v0x1149300_0 .net "a", 0 0, L_0x114dc10; 1 drivers
v0x11493c0_0 .net "b", 0 0, L_0x114dd40; 1 drivers
v0x1149460_0 .net "c", 0 0, L_0x114df00; 1 drivers
v0x1149500_0 .net "cout", 0 0, L_0x114da80; 1 drivers
v0x1149580_0 .net "s", 0 0, L_0x114d8b0; 1 drivers
v0x1149620_0 .net "w1", 0 0, L_0x114d330; 1 drivers
v0x11496c0_0 .net "w2", 0 0, L_0x114d910; 1 drivers
v0x1149760_0 .net "w3", 0 0, L_0x114d970; 1 drivers
v0x1149850_0 .net "w4", 0 0, L_0x114da20; 1 drivers
S_0x1148b30 .scope module, "FA4" "full_adder" 2 53, 2 77, S_0x1117db0;
 .timescale 0 0;
L_0x114de70 .functor XOR 1, L_0x114e610, L_0x114e0d0, C4<0>, C4<0>;
L_0x114e210 .functor XOR 1, L_0x114de70, L_0x114e880, C4<0>, C4<0>;
L_0x114e270 .functor AND 1, L_0x114e610, L_0x114e880, C4<1>, C4<1>;
L_0x114e370 .functor AND 1, L_0x114e0d0, L_0x114e880, C4<1>, C4<1>;
L_0x114e420 .functor AND 1, L_0x114e610, L_0x114e0d0, C4<1>, C4<1>;
L_0x114e480 .functor OR 1, L_0x114e270, L_0x114e370, L_0x114e420, C4<0>;
v0x1148c20_0 .net "a", 0 0, L_0x114e610; 1 drivers
v0x1148ce0_0 .net "b", 0 0, L_0x114e0d0; 1 drivers
v0x1148d80_0 .net "c", 0 0, L_0x114e880; 1 drivers
v0x1148e20_0 .net "cout", 0 0, L_0x114e480; 1 drivers
v0x1148ea0_0 .net "s", 0 0, L_0x114e210; 1 drivers
v0x1148f40_0 .net "w1", 0 0, L_0x114de70; 1 drivers
v0x1148fe0_0 .net "w2", 0 0, L_0x114e270; 1 drivers
v0x1149080_0 .net "w3", 0 0, L_0x114e370; 1 drivers
v0x1149170_0 .net "w4", 0 0, L_0x114e420; 1 drivers
S_0x1148450 .scope module, "FA5" "full_adder" 2 54, 2 77, S_0x1117db0;
 .timescale 0 0;
L_0x114d5f0 .functor XOR 1, L_0x114f030, L_0x114f270, C4<0>, C4<0>;
L_0x114eac0 .functor XOR 1, L_0x114d5f0, L_0x114ec20, C4<0>, C4<0>;
L_0x114eb20 .functor AND 1, L_0x114f030, L_0x114ec20, C4<1>, C4<1>;
L_0x114ed90 .functor AND 1, L_0x114f270, L_0x114ec20, C4<1>, C4<1>;
L_0x114ee40 .functor AND 1, L_0x114f030, L_0x114f270, C4<1>, C4<1>;
L_0x114eea0 .functor OR 1, L_0x114eb20, L_0x114ed90, L_0x114ee40, C4<0>;
v0x1148540_0 .net "a", 0 0, L_0x114f030; 1 drivers
v0x1148600_0 .net "b", 0 0, L_0x114f270; 1 drivers
v0x11486a0_0 .net "c", 0 0, L_0x114ec20; 1 drivers
v0x1148740_0 .net "cout", 0 0, L_0x114eea0; 1 drivers
v0x11487c0_0 .net "s", 0 0, L_0x114eac0; 1 drivers
v0x1148860_0 .net "w1", 0 0, L_0x114d5f0; 1 drivers
v0x1148900_0 .net "w2", 0 0, L_0x114eb20; 1 drivers
v0x11489a0_0 .net "w3", 0 0, L_0x114ed90; 1 drivers
v0x1148a90_0 .net "w4", 0 0, L_0x114ee40; 1 drivers
S_0x1147d70 .scope module, "FA6" "full_adder" 2 55, 2 77, S_0x1117db0;
 .timescale 0 0;
L_0x114cd00 .functor XOR 1, L_0x114fb60, L_0x114f6b0, C4<0>, C4<0>;
L_0x114f7a0 .functor XOR 1, L_0x114cd00, L_0x114fe20, C4<0>, C4<0>;
L_0x114f800 .functor AND 1, L_0x114fb60, L_0x114fe20, C4<1>, C4<1>;
L_0x114f900 .functor AND 1, L_0x114f6b0, L_0x114fe20, C4<1>, C4<1>;
L_0x114f9b0 .functor AND 1, L_0x114fb60, L_0x114f6b0, C4<1>, C4<1>;
L_0x114fa10 .functor OR 1, L_0x114f800, L_0x114f900, L_0x114f9b0, C4<0>;
v0x1147e60_0 .net "a", 0 0, L_0x114fb60; 1 drivers
v0x1147f20_0 .net "b", 0 0, L_0x114f6b0; 1 drivers
v0x1147fc0_0 .net "c", 0 0, L_0x114fe20; 1 drivers
v0x1148060_0 .net "cout", 0 0, L_0x114fa10; 1 drivers
v0x11480e0_0 .net "s", 0 0, L_0x114f7a0; 1 drivers
v0x1148180_0 .net "w1", 0 0, L_0x114cd00; 1 drivers
v0x1148220_0 .net "w2", 0 0, L_0x114f800; 1 drivers
v0x11482c0_0 .net "w3", 0 0, L_0x114f900; 1 drivers
v0x11483b0_0 .net "w4", 0 0, L_0x114f9b0; 1 drivers
S_0x1147690 .scope module, "FA7" "full_adder" 2 56, 2 77, S_0x1117db0;
 .timescale 0 0;
L_0x114fd30 .functor XOR 1, L_0x11504c0, L_0x11505f0, C4<0>, C4<0>;
L_0x114ff50 .functor XOR 1, L_0x114fd30, L_0x1150100, C4<0>, C4<0>;
L_0x114ffb0 .functor AND 1, L_0x11504c0, L_0x1150100, C4<1>, C4<1>;
L_0x1150220 .functor AND 1, L_0x11505f0, L_0x1150100, C4<1>, C4<1>;
L_0x11502d0 .functor AND 1, L_0x11504c0, L_0x11505f0, C4<1>, C4<1>;
L_0x1150330 .functor OR 1, L_0x114ffb0, L_0x1150220, L_0x11502d0, C4<0>;
v0x1147780_0 .net "a", 0 0, L_0x11504c0; 1 drivers
v0x1147840_0 .net "b", 0 0, L_0x11505f0; 1 drivers
v0x11478e0_0 .net "c", 0 0, L_0x1150100; 1 drivers
v0x1147980_0 .net "cout", 0 0, L_0x1150330; 1 drivers
v0x1147a00_0 .net "s", 0 0, L_0x114ff50; 1 drivers
v0x1147aa0_0 .net "w1", 0 0, L_0x114fd30; 1 drivers
v0x1147b40_0 .net "w2", 0 0, L_0x114ffb0; 1 drivers
v0x1147be0_0 .net "w3", 0 0, L_0x1150220; 1 drivers
v0x1147cd0_0 .net "w4", 0 0, L_0x11502d0; 1 drivers
S_0x1146fb0 .scope module, "FA8" "full_adder" 2 58, 2 77, S_0x1117db0;
 .timescale 0 0;
L_0x11507c0 .functor XOR 1, L_0x1150e60, L_0x1150980, C4<0>, C4<0>;
L_0x11501a0 .functor XOR 1, L_0x11507c0, L_0x11510e0, C4<0>, C4<0>;
L_0x1150ac0 .functor AND 1, L_0x1150e60, L_0x11510e0, C4<1>, C4<1>;
L_0x1150bc0 .functor AND 1, L_0x1150980, L_0x11510e0, C4<1>, C4<1>;
L_0x1150c70 .functor AND 1, L_0x1150e60, L_0x1150980, C4<1>, C4<1>;
L_0x1150cd0 .functor OR 1, L_0x1150ac0, L_0x1150bc0, L_0x1150c70, C4<0>;
v0x11470a0_0 .net "a", 0 0, L_0x1150e60; 1 drivers
v0x1147160_0 .net "b", 0 0, L_0x1150980; 1 drivers
v0x1147200_0 .net "c", 0 0, L_0x11510e0; 1 drivers
v0x11472a0_0 .net "cout", 0 0, L_0x1150cd0; 1 drivers
v0x1147320_0 .net "s", 0 0, L_0x11501a0; 1 drivers
v0x11473c0_0 .net "w1", 0 0, L_0x11507c0; 1 drivers
v0x1147460_0 .net "w2", 0 0, L_0x1150ac0; 1 drivers
v0x1147500_0 .net "w3", 0 0, L_0x1150bc0; 1 drivers
v0x11475f0_0 .net "w4", 0 0, L_0x1150c70; 1 drivers
S_0x11468d0 .scope module, "FA9" "full_adder" 2 59, 2 77, S_0x1117db0;
 .timescale 0 0;
L_0x1151030 .functor XOR 1, L_0x1151910, L_0x1151a40, C4<0>, C4<0>;
L_0x114ea50 .functor XOR 1, L_0x1151030, L_0x1151420, C4<0>, C4<0>;
L_0x1151590 .functor AND 1, L_0x1151910, L_0x1151420, C4<1>, C4<1>;
L_0x1151640 .functor AND 1, L_0x1151a40, L_0x1151420, C4<1>, C4<1>;
L_0x11516f0 .functor AND 1, L_0x1151910, L_0x1151a40, C4<1>, C4<1>;
L_0x1151750 .functor OR 1, L_0x1151590, L_0x1151640, L_0x11516f0, C4<0>;
v0x11469c0_0 .net "a", 0 0, L_0x1151910; 1 drivers
v0x1146a80_0 .net "b", 0 0, L_0x1151a40; 1 drivers
v0x1146b20_0 .net "c", 0 0, L_0x1151420; 1 drivers
v0x1146bc0_0 .net "cout", 0 0, L_0x1151750; 1 drivers
v0x1146c40_0 .net "s", 0 0, L_0x114ea50; 1 drivers
v0x1146ce0_0 .net "w1", 0 0, L_0x1151030; 1 drivers
v0x1146d80_0 .net "w2", 0 0, L_0x1151590; 1 drivers
v0x1146e20_0 .net "w3", 0 0, L_0x1151640; 1 drivers
v0x1146f10_0 .net "w4", 0 0, L_0x11516f0; 1 drivers
S_0x11461f0 .scope module, "FA10" "full_adder" 2 60, 2 77, S_0x1117db0;
 .timescale 0 0;
L_0x1151c10 .functor XOR 1, L_0x11522c0, L_0x1151d90, C4<0>, C4<0>;
L_0x1151c70 .functor XOR 1, L_0x1151c10, L_0x1152590, C4<0>, C4<0>;
L_0x1151f20 .functor AND 1, L_0x11522c0, L_0x1152590, C4<1>, C4<1>;
L_0x1152020 .functor AND 1, L_0x1151d90, L_0x1152590, C4<1>, C4<1>;
L_0x11520d0 .functor AND 1, L_0x11522c0, L_0x1151d90, C4<1>, C4<1>;
L_0x1152130 .functor OR 1, L_0x1151f20, L_0x1152020, L_0x11520d0, C4<0>;
v0x11462e0_0 .net "a", 0 0, L_0x11522c0; 1 drivers
v0x11463a0_0 .net "b", 0 0, L_0x1151d90; 1 drivers
v0x1146440_0 .net "c", 0 0, L_0x1152590; 1 drivers
v0x11464e0_0 .net "cout", 0 0, L_0x1152130; 1 drivers
v0x1146560_0 .net "s", 0 0, L_0x1151c70; 1 drivers
v0x1146600_0 .net "w1", 0 0, L_0x1151c10; 1 drivers
v0x11466a0_0 .net "w2", 0 0, L_0x1151f20; 1 drivers
v0x1146740_0 .net "w3", 0 0, L_0x1152020; 1 drivers
v0x1146830_0 .net "w4", 0 0, L_0x11520d0; 1 drivers
S_0x1145b10 .scope module, "FA11" "full_adder" 2 61, 2 77, S_0x1117db0;
 .timescale 0 0;
L_0x1151ec0 .functor XOR 1, L_0x1152c40, L_0x1152d70, C4<0>, C4<0>;
L_0x1152530 .functor XOR 1, L_0x1151ec0, L_0x11526c0, C4<0>, C4<0>;
L_0x1152880 .functor AND 1, L_0x1152c40, L_0x11526c0, C4<1>, C4<1>;
L_0x1152980 .functor AND 1, L_0x1152d70, L_0x11526c0, C4<1>, C4<1>;
L_0x1152a30 .functor AND 1, L_0x1152c40, L_0x1152d70, C4<1>, C4<1>;
L_0x1152a90 .functor OR 1, L_0x1152880, L_0x1152980, L_0x1152a30, C4<0>;
v0x1145c00_0 .net "a", 0 0, L_0x1152c40; 1 drivers
v0x1145cc0_0 .net "b", 0 0, L_0x1152d70; 1 drivers
v0x1145d60_0 .net "c", 0 0, L_0x11526c0; 1 drivers
v0x1145e00_0 .net "cout", 0 0, L_0x1152a90; 1 drivers
v0x1145e80_0 .net "s", 0 0, L_0x1152530; 1 drivers
v0x1145f20_0 .net "w1", 0 0, L_0x1151ec0; 1 drivers
v0x1145fc0_0 .net "w2", 0 0, L_0x1152880; 1 drivers
v0x1146060_0 .net "w3", 0 0, L_0x1152980; 1 drivers
v0x1146150_0 .net "w4", 0 0, L_0x1152a30; 1 drivers
S_0x1145430 .scope module, "FA12" "full_adder" 2 63, 2 77, S_0x1117db0;
 .timescale 0 0;
L_0x1152f40 .functor XOR 1, L_0x11535e0, L_0x1153110, C4<0>, C4<0>;
L_0x1152fa0 .functor XOR 1, L_0x1152f40, L_0x1153240, C4<0>, C4<0>;
L_0x1153000 .functor AND 1, L_0x11535e0, L_0x1153240, C4<1>, C4<1>;
L_0x1153340 .functor AND 1, L_0x1153110, L_0x1153240, C4<1>, C4<1>;
L_0x11533f0 .functor AND 1, L_0x11535e0, L_0x1153110, C4<1>, C4<1>;
L_0x1153450 .functor OR 1, L_0x1153000, L_0x1153340, L_0x11533f0, C4<0>;
v0x1145520_0 .net "a", 0 0, L_0x11535e0; 1 drivers
v0x11455e0_0 .net "b", 0 0, L_0x1153110; 1 drivers
v0x1145680_0 .net "c", 0 0, L_0x1153240; 1 drivers
v0x1145720_0 .net "cout", 0 0, L_0x1153450; 1 drivers
v0x11457a0_0 .net "s", 0 0, L_0x1152fa0; 1 drivers
v0x1145840_0 .net "w1", 0 0, L_0x1152f40; 1 drivers
v0x11458e0_0 .net "w2", 0 0, L_0x1153000; 1 drivers
v0x1145980_0 .net "w3", 0 0, L_0x1153340; 1 drivers
v0x1145a70_0 .net "w4", 0 0, L_0x11533f0; 1 drivers
S_0x1144d50 .scope module, "FA13" "full_adder" 2 64, 2 77, S_0x1117db0;
 .timescale 0 0;
L_0x1153850 .functor XOR 1, L_0x1153f70, L_0x114f160, C4<0>, C4<0>;
L_0x1153ba0 .functor XOR 1, L_0x1153850, L_0x114f310, C4<0>, C4<0>;
L_0x1153c00 .functor AND 1, L_0x1153f70, L_0x114f310, C4<1>, C4<1>;
L_0x1153cb0 .functor AND 1, L_0x114f160, L_0x114f310, C4<1>, C4<1>;
L_0x1153d60 .functor AND 1, L_0x1153f70, L_0x114f160, C4<1>, C4<1>;
L_0x1153dc0 .functor OR 1, L_0x1153c00, L_0x1153cb0, L_0x1153d60, C4<0>;
v0x1144e40_0 .net "a", 0 0, L_0x1153f70; 1 drivers
v0x1144f00_0 .net "b", 0 0, L_0x114f160; 1 drivers
v0x1144fa0_0 .net "c", 0 0, L_0x114f310; 1 drivers
v0x1145040_0 .net "cout", 0 0, L_0x1153dc0; 1 drivers
v0x11450c0_0 .net "s", 0 0, L_0x1153ba0; 1 drivers
v0x1145160_0 .net "w1", 0 0, L_0x1153850; 1 drivers
v0x1145200_0 .net "w2", 0 0, L_0x1153c00; 1 drivers
v0x11452a0_0 .net "w3", 0 0, L_0x1153cb0; 1 drivers
v0x1145390_0 .net "w4", 0 0, L_0x1153d60; 1 drivers
S_0x1144670 .scope module, "FA14" "full_adder" 2 65, 2 77, S_0x1117db0;
 .timescale 0 0;
L_0x114f200 .functor XOR 1, L_0x1154c50, L_0x1154980, C4<0>, C4<0>;
L_0x114f3b0 .functor XOR 1, L_0x114f200, L_0x1154ab0, C4<0>, C4<0>;
L_0x114f5a0 .functor AND 1, L_0x1154c50, L_0x1154ab0, C4<1>, C4<1>;
L_0x1154550 .functor AND 1, L_0x1154980, L_0x1154ab0, C4<1>, C4<1>;
L_0x1154600 .functor AND 1, L_0x1154c50, L_0x1154980, C4<1>, C4<1>;
L_0x1154660 .functor OR 1, L_0x114f5a0, L_0x1154550, L_0x1154600, C4<0>;
v0x1144760_0 .net "a", 0 0, L_0x1154c50; 1 drivers
v0x1144820_0 .net "b", 0 0, L_0x1154980; 1 drivers
v0x11448c0_0 .net "c", 0 0, L_0x1154ab0; 1 drivers
v0x1144960_0 .net "cout", 0 0, L_0x1154660; 1 drivers
v0x11449e0_0 .net "s", 0 0, L_0x114f3b0; 1 drivers
v0x1144a80_0 .net "w1", 0 0, L_0x114f200; 1 drivers
v0x1144b20_0 .net "w2", 0 0, L_0x114f5a0; 1 drivers
v0x1144bc0_0 .net "w3", 0 0, L_0x1154550; 1 drivers
v0x1144cb0_0 .net "w4", 0 0, L_0x1154600; 1 drivers
S_0x1122830 .scope module, "FA15" "full_adder" 2 66, 2 77, S_0x1117db0;
 .timescale 0 0;
L_0x114f650 .functor XOR 1, L_0x1155530, L_0x1155660, C4<0>, C4<0>;
L_0x1154b50 .functor XOR 1, L_0x114f650, L_0x1155050, C4<0>, C4<0>;
L_0x1154f10 .functor AND 1, L_0x1155530, L_0x1155050, C4<1>, C4<1>;
L_0x114d830 .functor AND 1, L_0x1155660, L_0x1155050, C4<1>, C4<1>;
L_0x1155300 .functor AND 1, L_0x1155530, L_0x1155660, C4<1>, C4<1>;
L_0x1155360 .functor OR 1, L_0x1154f10, L_0x114d830, L_0x1155300, C4<0>;
v0x1115a10_0 .net "a", 0 0, L_0x1155530; 1 drivers
v0x11440d0_0 .net "b", 0 0, L_0x1155660; 1 drivers
v0x1144170_0 .net "c", 0 0, L_0x1155050; 1 drivers
v0x1144210_0 .alias "cout", 0 0, v0x114b610_0;
v0x11442c0_0 .net "s", 0 0, L_0x1154b50; 1 drivers
v0x1144360_0 .net "w1", 0 0, L_0x114f650; 1 drivers
v0x1144440_0 .net "w2", 0 0, L_0x1154f10; 1 drivers
v0x11444e0_0 .net "w3", 0 0, L_0x114d830; 1 drivers
v0x11445d0_0 .net "w4", 0 0, L_0x1155300; 1 drivers
    .scope S_0x114b130;
T_0 ;
    %vpi_call 2 19 "$monitor", $time, " a=%h, b=%h, c=%b, sum=%h, carry=%b ", v0x114b220_0, v0x114b2c0_0, v0x114b370_0, v0x114b510_0, v0x114b440_0;
    %vpi_call 2 20 "$display", $time, " a=%h, b=%h, c=%h, sum=%h, carry=%b ", v0x114b220_0, v0x114b2c0_0, v0x114b370_0, v0x114b510_0, v0x114b440_0;
    %delay 20, 0;
    %movi 8, 1, 16;
    %set/v v0x114b220_0, 8, 16;
    %movi 8, 4, 16;
    %set/v v0x114b2c0_0, 8, 16;
    %set/v v0x114b370_0, 0, 1;
    %delay 20, 0;
    %movi 8, 1, 16;
    %set/v v0x114b220_0, 8, 16;
    %movi 8, 7, 16;
    %set/v v0x114b2c0_0, 8, 16;
    %set/v v0x114b370_0, 0, 1;
    %delay 20, 0;
    %delay 20, 0;
    %movi 8, 16, 16;
    %set/v v0x114b220_0, 8, 16;
    %movi 8, 64, 16;
    %set/v v0x114b2c0_0, 8, 16;
    %set/v v0x114b370_0, 0, 1;
    %delay 20, 0;
    %movi 8, 208, 16;
    %set/v v0x114b220_0, 8, 16;
    %movi 8, 32, 16;
    %set/v v0x114b2c0_0, 8, 16;
    %set/v v0x114b370_0, 0, 1;
    %delay 20, 0;
    %delay 20, 0;
    %movi 8, 25, 16;
    %set/v v0x114b220_0, 8, 16;
    %movi 8, 200, 16;
    %set/v v0x114b2c0_0, 8, 16;
    %set/v v0x114b370_0, 0, 1;
    %delay 20, 0;
    %movi 8, 1990, 16;
    %set/v v0x114b220_0, 8, 16;
    %movi 8, 58, 16;
    %set/v v0x114b2c0_0, 8, 16;
    %set/v v0x114b370_0, 0, 1;
    %delay 20, 0;
    %movi 8, 2280, 16;
    %set/v v0x114b220_0, 8, 16;
    %movi 8, 1560, 16;
    %set/v v0x114b2c0_0, 8, 16;
    %set/v v0x114b370_0, 0, 1;
    %delay 20, 0;
    %movi 8, 24575, 16;
    %set/v v0x114b220_0, 8, 16;
    %movi 8, 27967, 16;
    %set/v v0x114b2c0_0, 8, 16;
    %set/v v0x114b370_0, 0, 1;
    %delay 20, 0;
    %movi 8, 32746, 16;
    %set/v v0x114b220_0, 8, 16;
    %movi 8, 2, 16;
    %set/v v0x114b2c0_0, 8, 16;
    %set/v v0x114b370_0, 0, 1;
    %delay 20, 0;
    %movi 8, 7354, 16;
    %set/v v0x114b220_0, 8, 16;
    %movi 8, 4369, 16;
    %set/v v0x114b2c0_0, 8, 16;
    %set/v v0x114b370_0, 0, 1;
    %delay 20, 0;
    %vpi_call 2 37 "$display", $time, " a=%h, b=%h, c=%b, sum=%h, carry=%b ", v0x114b220_0, v0x114b2c0_0, v0x114b370_0, v0x114b510_0, v0x114b440_0;
    %end;
    .thread T_0;
# The file index is used to find the file name in the following table.
:file_names 3;
    "N/A";
    "<interactive>";
    "_16B_RC_adder.v";
