#! /util/verilog-0.9.7/bin/vvp
:ivl_version "0.9.7 " "(v0_9_7)";
:vpi_time_precision + 0;
:vpi_module "system";
:vpi_module "v2005_math";
:vpi_module "va_math";
S_0x239f300 .scope module, "test_cla_4bit" "test_cla_4bit" 2 161;
 .timescale 0 0;
v0x240c2d0_0 .var "A", 15 0;
v0x240c380_0 .var "B", 15 0;
v0x240c430_0 .var "Cin", 0 0;
v0x240c4e0_0 .net "Cout", 0 0, L_0x241c070; 1 drivers
v0x240c5c0_0 .net "GG", 0 0, L_0x2423ec0; 1 drivers
v0x240c670_0 .net "PG", 0 0, L_0x24201c0; 1 drivers
RS_0x7f7256f9d1c8/0/0 .resolv tri, L_0x2419610, L_0x241c540, L_0x241c8b0, L_0x241cce0;
RS_0x7f7256f9d1c8/0/4 .resolv tri, L_0x241d010, L_0x241d380, L_0x241d6f0, L_0x241dd90;
RS_0x7f7256f9d1c8/0/8 .resolv tri, L_0x241ded0, L_0x241d930, L_0x241e770, L_0x241e060;
RS_0x7f7256f9d1c8/0/12 .resolv tri, L_0x241eeb0, L_0x241eae0, L_0x241fd30, L_0x241f1e0;
RS_0x7f7256f9d1c8 .resolv tri, RS_0x7f7256f9d1c8/0/0, RS_0x7f7256f9d1c8/0/4, RS_0x7f7256f9d1c8/0/8, RS_0x7f7256f9d1c8/0/12;
v0x240c730_0 .net8 "S", 15 0, RS_0x7f7256f9d1c8; 16 drivers
v0x240c7e0_0 .var/i "file", 31 0;
v0x240c8b0_0 .var/i "i", 31 0;
S_0x2376b10 .scope module, "cla" "cla_4bit" 2 174, 2 1, S_0x239f300;
 .timescale 0 0;
L_0x240ca30/d .functor AND 1, L_0x240cb10, L_0x240cc50, C4<1>, C4<1>;
L_0x240ca30 .delay (1,1,1) L_0x240ca30/d;
L_0x240ce80/d .functor AND 1, L_0x240cf70, L_0x240d060, C4<1>, C4<1>;
L_0x240ce80 .delay (1,1,1) L_0x240ce80/d;
L_0x240d230/d .functor AND 1, L_0x240d320, L_0x240d4a0, C4<1>, C4<1>;
L_0x240d230 .delay (1,1,1) L_0x240d230/d;
L_0x240d7b0/d .functor AND 1, L_0x240d810, L_0x240d8b0, C4<1>, C4<1>;
L_0x240d7b0 .delay (1,1,1) L_0x240d7b0/d;
L_0x240d750/d .functor AND 1, L_0x240daf0, L_0x240dc60, C4<1>, C4<1>;
L_0x240d750 .delay (1,1,1) L_0x240d750/d;
L_0x240de80/d .functor AND 1, L_0x240dfb0, L_0x240e0a0, C4<1>, C4<1>;
L_0x240de80 .delay (1,1,1) L_0x240de80/d;
L_0x240ddf0/d .functor AND 1, L_0x240e360, L_0x240e190, C4<1>, C4<1>;
L_0x240ddf0 .delay (1,1,1) L_0x240ddf0/d;
L_0x240d590/d .functor AND 1, L_0x240e990, L_0x240ea30, C4<1>, C4<1>;
L_0x240d590 .delay (1,1,1) L_0x240d590/d;
L_0x240ebf0/d .functor AND 1, L_0x240eca0, L_0x240eb20, C4<1>, C4<1>;
L_0x240ebf0 .delay (1,1,1) L_0x240ebf0/d;
L_0x240ed90/d .functor AND 1, L_0x240f0b0, L_0x240f150, C4<1>, C4<1>;
L_0x240ed90 .delay (1,1,1) L_0x240ed90/d;
L_0x240f340/d .functor AND 1, L_0x240f3e0, L_0x240f240, C4<1>, C4<1>;
L_0x240f340 .delay (1,1,1) L_0x240f340/d;
L_0x240f4d0/d .functor AND 1, L_0x240f7a0, L_0x240f890, C4<1>, C4<1>;
L_0x240f4d0 .delay (1,1,1) L_0x240f4d0/d;
L_0x240f050/d .functor AND 1, L_0x240faf0, L_0x240f980, C4<1>, C4<1>;
L_0x240f050 .delay (1,1,1) L_0x240f050/d;
L_0x240fbe0/d .functor AND 1, L_0x240ff10, L_0x240ffb0, C4<1>, C4<1>;
L_0x240fbe0 .delay (1,1,1) L_0x240fbe0/d;
L_0x240fe60/d .functor AND 1, L_0x2410200, L_0x240e450, C4<1>, C4<1>;
L_0x240fe60 .delay (1,1,1) L_0x240fe60/d;
L_0x240e6b0/d .functor AND 1, L_0x2410130, L_0x2410500, C4<1>, C4<1>;
L_0x240e6b0 .delay (1,1,1) L_0x240e6b0/d;
L_0x24105f0/d .functor XOR 1, L_0x2410d50, L_0x2410a90, C4<0>, C4<0>;
L_0x24105f0 .delay (1,1,1) L_0x24105f0/d;
L_0x2410e40/d .functor XOR 1, L_0x24111e0, L_0x2411280, C4<0>, C4<0>;
L_0x2410e40 .delay (1,1,1) L_0x2410e40/d;
L_0x24110d0/d .functor XOR 1, L_0x2411530, L_0x2411370, C4<0>, C4<0>;
L_0x24110d0 .delay (1,1,1) L_0x24110d0/d;
L_0x24115d0/d .functor XOR 1, L_0x2411670, L_0x2411a10, C4<0>, C4<0>;
L_0x24115d0 .delay (1,1,1) L_0x24115d0/d;
L_0x24118d0/d .functor XOR 1, L_0x2411cf0, L_0x2411b00, C4<0>, C4<0>;
L_0x24118d0 .delay (1,1,1) L_0x24118d0/d;
L_0x2411c90/d .functor XOR 1, L_0x2410f30, L_0x2412100, C4<0>, C4<0>;
L_0x2411c90 .delay (1,1,1) L_0x2411c90/d;
L_0x2411e30/d .functor XOR 1, L_0x2412410, L_0x24121f0, C4<0>, C4<0>;
L_0x2411e30 .delay (1,1,1) L_0x2411e30/d;
L_0x2412380/d .functor XOR 1, L_0x2411ff0, L_0x24125d0, C4<0>, C4<0>;
L_0x2412380 .delay (1,1,1) L_0x2412380/d;
L_0x2412ae0/d .functor XOR 1, L_0x2412bd0, L_0x24127f0, C4<0>, C4<0>;
L_0x2412ae0 .delay (1,1,1) L_0x2412ae0/d;
L_0x2412980/d .functor XOR 1, L_0x24124b0, L_0x24130a0, C4<0>, C4<0>;
L_0x2412980 .delay (1,1,1) L_0x2412980/d;
L_0x2412d60/d .functor XOR 1, L_0x2412e50, L_0x2413190, C4<0>, C4<0>;
L_0x2412d60 .delay (1,1,1) L_0x2412d60/d;
L_0x2413320/d .functor XOR 1, L_0x2412f70, L_0x2413840, C4<0>, C4<0>;
L_0x2413320 .delay (1,1,1) L_0x2413320/d;
L_0x2413500/d .functor XOR 1, L_0x24135b0, L_0x2413bf0, C4<0>, C4<0>;
L_0x2413500 .delay (1,1,1) L_0x2413500/d;
L_0x2413930/d .functor XOR 1, L_0x2413700, L_0x2413ae0, C4<0>, C4<0>;
L_0x2413930 .delay (1,1,1) L_0x2413930/d;
L_0x24140b0/d .functor XOR 1, L_0x24141a0, L_0x24102f0, C4<0>, C4<0>;
L_0x24140b0 .delay (1,1,1) L_0x24140b0/d;
L_0x240c9d0/d .functor XOR 1, L_0x24139e0, L_0x2413d30, C4<0>, C4<0>;
L_0x240c9d0 .delay (1,1,1) L_0x240c9d0/d;
L_0x2413ec0/d .functor OR 1, v0x240c430_0, C4<0>, C4<0>, C4<0>;
L_0x2413ec0 .delay (1,1,1) L_0x2413ec0/d;
L_0x2410480/d .functor AND 1, L_0x24146a0, L_0x2414790, C4<1>, C4<1>;
L_0x2410480 .delay (1,1,1) L_0x2410480/d;
L_0x24150d0/d .functor OR 1, L_0x2410480, L_0x2415210, C4<0>, C4<0>;
L_0x24150d0 .delay (1,1,1) L_0x24150d0/d;
L_0x2415300/d .functor AND 1, L_0x24153a0, L_0x2414da0, C4<1>, C4<1>;
L_0x2415300 .delay (1,1,1) L_0x2415300/d;
L_0x2414e90/d .functor AND 1, L_0x2414f30, L_0x2415020, L_0x2415830, C4<1>;
L_0x2414e90 .delay (1,1,1) L_0x2414e90/d;
L_0x2415530/d .functor OR 1, L_0x24126c0, L_0x2415300, L_0x2414e90, C4<0>;
L_0x2415530 .delay (1,1,1) L_0x2415530/d;
L_0x2415d20/d .functor AND 1, L_0x2415d80, L_0x2415e70, C4<1>, C4<1>;
L_0x2415d20 .delay (1,1,1) L_0x2415d20/d;
L_0x24159b0/d .functor AND 1, L_0x2415a50, L_0x2415b40, L_0x2415c30, C4<1>;
L_0x24159b0 .delay (1,1,1) L_0x24159b0/d;
L_0x24162f0/d .functor AND 1, L_0x2416390, L_0x2415f60, L_0x2416050, L_0x2416140;
L_0x24162f0 .delay (1,1,1) L_0x24162f0/d;
L_0x2416840/d .functor OR 1, L_0x2415670, L_0x2415d20, L_0x24159b0, L_0x24162f0;
L_0x2416840 .delay (1,1,1) L_0x2416840/d;
L_0x2415760/d .functor AND 1, L_0x2416bc0, L_0x2416480, C4<1>, C4<1>;
L_0x2415760 .delay (1,1,1) L_0x2415760/d;
L_0x2416570/d .functor AND 1, L_0x2416780, L_0x2416a70, L_0x2417090, C4<1>;
L_0x2416570 .delay (1,1,1) L_0x2416570/d;
L_0x2416cb0/d .functor AND 1, L_0x2416d50, L_0x2416e40, L_0x2416f30, L_0x2410650;
L_0x2416cb0 .delay (1,1,1) L_0x2416cb0/d;
L_0x2417020/0/0 .functor AND 1, L_0x2410740, L_0x2416610, L_0x24166b0, L_0x2417350;
L_0x2417020/0/4 .functor AND 1, L_0x2417440, C4<1>, C4<1>, C4<1>;
L_0x2417020/d .functor AND 1, L_0x2417020/0/0, L_0x2417020/0/4, C4<1>, C4<1>;
L_0x2417020 .delay (1,1,1) L_0x2417020/d;
L_0x2415920/0/0 .functor OR 1, L_0x2417b60, L_0x2415760, L_0x2416570, L_0x2416cb0;
L_0x2415920/0/4 .functor OR 1, L_0x2417020, C4<0>, C4<0>, C4<0>;
L_0x2415920/d .functor OR 1, L_0x2415920/0/0, L_0x2415920/0/4, C4<0>, C4<0>;
L_0x2415920 .delay (1,1,1) L_0x2415920/d;
L_0x2417c50/d .functor AND 1, L_0x2417cf0, L_0x24171d0, C4<1>, C4<1>;
L_0x2417c50 .delay (1,1,1) L_0x2417c50/d;
L_0x2418010/d .functor OR 1, L_0x2418110, L_0x2417c50, C4<0>, C4<0>;
L_0x2418010 .delay (1,1,1) L_0x2418010/d;
L_0x2418200/d .functor AND 1, L_0x24182a0, L_0x2418390, C4<1>, C4<1>;
L_0x2418200 .delay (1,1,1) L_0x2418200/d;
L_0x2418520/d .functor OR 1, L_0x2418660, L_0x2418200, C4<0>, C4<0>;
L_0x2418520 .delay (1,1,1) L_0x2418520/d;
L_0x2418750/d .functor AND 1, L_0x24189a0, L_0x2418a90, C4<1>, C4<1>;
L_0x2418750 .delay (1,1,1) L_0x2418750/d;
L_0x2418b40/d .functor OR 1, L_0x2418c80, L_0x2418750, C4<0>, C4<0>;
L_0x2418b40 .delay (1,1,1) L_0x2418b40/d;
L_0x2418d70/d .functor AND 1, L_0x24187f0, L_0x24188e0, C4<1>, C4<1>;
L_0x2418d70 .delay (1,1,1) L_0x2418d70/d;
L_0x2417e30/d .functor OR 1, L_0x2419160, L_0x2418d70, C4<0>, C4<0>;
L_0x2417e30 .delay (1,1,1) L_0x2417e30/d;
L_0x2419250/d .functor AND 1, L_0x24194c0, L_0x2418e60, C4<1>, C4<1>;
L_0x2419250 .delay (1,1,1) L_0x2419250/d;
L_0x2418f50/d .functor OR 1, L_0x24198b0, L_0x2419250, C4<0>, C4<0>;
L_0x2418f50 .delay (1,1,1) L_0x2418f50/d;
L_0x24199a0/d .functor AND 1, L_0x24192f0, L_0x24193e0, C4<1>, C4<1>;
L_0x24199a0 .delay (1,1,1) L_0x24199a0/d;
L_0x2419d40/d .functor OR 1, L_0x2419e40, L_0x24199a0, C4<0>, C4<0>;
L_0x2419d40 .delay (1,1,1) L_0x2419d40/d;
L_0x2410880/d .functor AND 1, L_0x241a120, L_0x2410920, C4<1>, C4<1>;
L_0x2410880 .delay (1,1,1) L_0x2410880/d;
L_0x2419ae0/d .functor OR 1, L_0x241a2d0, L_0x2410880, C4<0>, C4<0>;
L_0x2419ae0 .delay (1,1,1) L_0x2419ae0/d;
L_0x241a3c0/d .functor AND 1, L_0x241a660, L_0x2419f30, C4<1>, C4<1>;
L_0x241a3c0 .delay (1,1,1) L_0x241a3c0/d;
L_0x241a0c0/d .functor OR 1, L_0x241b160, L_0x241a3c0, C4<0>, C4<0>;
L_0x241a0c0 .delay (1,1,1) L_0x241a0c0/d;
L_0x241b250/d .functor AND 1, L_0x241a460, L_0x241a550, C4<1>, C4<1>;
L_0x241b250 .delay (1,1,1) L_0x241b250/d;
L_0x241ac80/d .functor OR 1, L_0x241adc0, L_0x241b250, C4<0>, C4<0>;
L_0x241ac80 .delay (1,1,1) L_0x241ac80/d;
L_0x241aeb0/d .functor AND 1, L_0x241af50, L_0x241b040, C4<1>, C4<1>;
L_0x241aeb0 .delay (1,1,1) L_0x241aeb0/d;
L_0x241b390/d .functor OR 1, L_0x241b490, L_0x241aeb0, C4<0>, C4<0>;
L_0x241b390 .delay (1,1,1) L_0x241b390/d;
L_0x241b580/d .functor AND 1, L_0x241b850, L_0x241b940, C4<1>, C4<1>;
L_0x241b580 .delay (1,1,1) L_0x241b580/d;
L_0x241bad0/d .functor OR 1, L_0x241c220, L_0x241b580, C4<0>, C4<0>;
L_0x241bad0 .delay (1,1,1) L_0x241bad0/d;
L_0x241c2c0/d .functor AND 1, L_0x241b620, L_0x241b710, C4<1>, C4<1>;
L_0x241c2c0 .delay (1,1,1) L_0x241c2c0/d;
L_0x241c070/d .functor OR 1, L_0x241c160, L_0x241c2c0, C4<0>, C4<0>;
L_0x241c070 .delay (1,1,1) L_0x241c070/d;
L_0x2419700/d .functor XOR 1, L_0x241c360, L_0x241c450, C4<0>, C4<0>;
L_0x2419700 .delay (1,1,1) L_0x2419700/d;
L_0x241c5e0/d .functor XOR 1, L_0x241c6d0, L_0x241c7c0, C4<0>, C4<0>;
L_0x241c5e0 .delay (1,1,1) L_0x241c5e0/d;
L_0x241c9e0/d .functor XOR 1, L_0x241ca80, L_0x241cbf0, C4<0>, C4<0>;
L_0x241c9e0 .delay (1,1,1) L_0x241c9e0/d;
L_0x241cd80/d .functor XOR 1, L_0x241ce30, L_0x241cf20, C4<0>, C4<0>;
L_0x241cd80 .delay (1,1,1) L_0x241cd80/d;
L_0x241d0b0/d .functor XOR 1, L_0x241d1a0, L_0x241d290, C4<0>, C4<0>;
L_0x241d0b0 .delay (1,1,1) L_0x241d0b0/d;
L_0x241d420/d .functor XOR 1, L_0x241d510, L_0x241d600, C4<0>, C4<0>;
L_0x241d420 .delay (1,1,1) L_0x241d420/d;
L_0x241c950/d .functor XOR 1, L_0x241dbb0, L_0x241dca0, C4<0>, C4<0>;
L_0x241c950 .delay (1,1,1) L_0x241c950/d;
L_0x241de30/d .functor XOR 1, L_0x241e590, L_0x241e680, C4<0>, C4<0>;
L_0x241de30 .delay (1,1,1) L_0x241de30/d;
L_0x241df70/d .functor XOR 1, L_0x241e2f0, L_0x241e3e0, C4<0>, C4<0>;
L_0x241df70 .delay (1,1,1) L_0x241df70/d;
L_0x241d9d0/d .functor XOR 1, L_0x241dac0, L_0x241ee10, C4<0>, C4<0>;
L_0x241d9d0 .delay (1,1,1) L_0x241d9d0/d;
L_0x241e810/d .functor XOR 1, L_0x241eba0, L_0x241ec90, C4<0>, C4<0>;
L_0x241e810 .delay (1,1,1) L_0x241e810/d;
L_0x241e100/d .functor XOR 1, L_0x241e1f0, L_0x241f580, C4<0>, C4<0>;
L_0x241e100 .delay (1,1,1) L_0x241e100/d;
L_0x241ef50/d .functor XOR 1, L_0x241e900, L_0x241e9f0, C4<0>, C4<0>;
L_0x241ef50 .delay (1,1,1) L_0x241ef50/d;
L_0x241f2b0/d .functor XOR 1, L_0x241f3a0, L_0x241f490, C4<0>, C4<0>;
L_0x241f2b0 .delay (1,1,1) L_0x241f2b0/d;
L_0x241d790/d .functor XOR 1, L_0x241f000, L_0x241f0f0, C4<0>, C4<0>;
L_0x241d790 .delay (1,1,1) L_0x241d790/d;
L_0x241f620/d .functor XOR 1, L_0x241f710, L_0x2417580, C4<0>, C4<0>;
L_0x241f620 .delay (1,1,1) L_0x241f620/d;
L_0x2417670/d .functor AND 1, L_0x2417710, L_0x2417800, L_0x24178f0, L_0x241f850;
L_0x2417670 .delay (1,1,1) L_0x2417670/d;
L_0x241f940/0/0 .functor AND 1, L_0x241fa70, L_0x241fb60, L_0x241fc50, L_0x2420300;
L_0x241f940/0/4 .functor AND 1, L_0x2417670, C4<1>, C4<1>, C4<1>;
L_0x241f940/d .functor AND 1, L_0x241f940/0/0, L_0x241f940/0/4, C4<1>, C4<1>;
L_0x241f940 .delay (1,1,1) L_0x241f940/d;
L_0x24203f0/0/0 .functor AND 1, L_0x24207c0, L_0x24208b0, L_0x241ffe0, L_0x24200d0;
L_0x24203f0/0/4 .functor AND 1, L_0x241f940, C4<1>, C4<1>, C4<1>;
L_0x24203f0/d .functor AND 1, L_0x24203f0/0/0, L_0x24203f0/0/4, C4<1>, C4<1>;
L_0x24203f0 .delay (1,1,1) L_0x24203f0/d;
L_0x24201c0/0/0 .functor AND 1, L_0x2421a10, L_0x2421b00, L_0x24211e0, L_0x24212d0;
L_0x24201c0/0/4 .functor AND 1, L_0x24203f0, C4<1>, C4<1>, C4<1>;
L_0x24201c0/d .functor AND 1, L_0x24201c0/0/0, L_0x24201c0/0/4, C4<1>, C4<1>;
L_0x24201c0 .delay (1,1,1) L_0x24201c0/d;
L_0x240c560/d .functor AND 1, L_0x24216f0, L_0x24217e0, C4<1>, C4<1>;
L_0x240c560 .delay (1,1,1) L_0x240c560/d;
L_0x24218d0/d .functor AND 1, L_0x24204e0, L_0x24205d0, L_0x24206c0, C4<1>;
L_0x24218d0 .delay (1,1,1) L_0x24218d0/d;
L_0x24223d0/d .functor AND 1, L_0x2421400, L_0x24214f0, L_0x24215e0, L_0x2421bf0;
L_0x24223d0 .delay (1,1,1) L_0x24223d0/d;
L_0x2421ce0/d .functor OR 1, L_0x2421e30, L_0x240c560, L_0x24218d0, L_0x24223d0;
L_0x2421ce0 .delay (1,1,1) L_0x2421ce0/d;
L_0x2421f20/d .functor AND 1, L_0x24222d0, L_0x2422470, C4<1>, C4<1>;
L_0x2421f20 .delay (1,1,1) L_0x2421f20/d;
L_0x2422560/d .functor AND 1, L_0x2422600, L_0x2422f90, L_0x2422740, C4<1>;
L_0x2422560 .delay (1,1,1) L_0x2422560/d;
L_0x2422830/d .functor AND 1, L_0x2421fc0, L_0x24220b0, L_0x24221a0, L_0x2422bf0;
L_0x2422830 .delay (1,1,1) L_0x2422830/d;
L_0x2422ce0/0/0 .functor OR 1, L_0x2422e80, L_0x2421f20, L_0x2422560, L_0x2422830;
L_0x2422ce0/0/4 .functor OR 1, L_0x2421ce0, C4<0>, C4<0>, C4<0>;
L_0x2422ce0 .functor OR 1, L_0x2422ce0/0/0, L_0x2422ce0/0/4, C4<0>, C4<0>;
L_0x2423890/d .functor AND 1, L_0x24228d0, L_0x24229c0, C4<1>, C4<1>;
L_0x2423890 .delay (1,1,1) L_0x2423890/d;
L_0x2422ab0/d .functor AND 1, L_0x2422b50, L_0x2423030, L_0x24230d0, C4<1>;
L_0x2422ab0 .delay (1,1,1) L_0x2422ab0/d;
L_0x24231c0/d .functor AND 1, L_0x24235a0, L_0x2423690, L_0x2423780, L_0x2423930;
L_0x24231c0 .delay (1,1,1) L_0x24231c0/d;
L_0x2423a20/0/0 .functor OR 1, L_0x2424500, L_0x2423890, L_0x2422ab0, L_0x24231c0;
L_0x2423a20/0/4 .functor OR 1, L_0x2422ce0, C4<0>, C4<0>, C4<0>;
L_0x2423a20/d .functor OR 1, L_0x2423a20/0/0, L_0x2423a20/0/4, C4<0>, C4<0>;
L_0x2423a20 .delay (1,1,1) L_0x2423a20/d;
L_0x2423c40/d .functor AND 1, L_0x2423260, L_0x2423350, C4<1>, C4<1>;
L_0x2423c40 .delay (1,1,1) L_0x2423c40/d;
L_0x2423440/d .functor AND 1, L_0x24234e0, L_0x2424080, L_0x2424170, C4<1>;
L_0x2423440 .delay (1,1,1) L_0x2423440/d;
L_0x2424260/d .functor AND 1, L_0x2424300, L_0x24243f0, L_0x2423ce0, L_0x2423dd0;
L_0x2424260 .delay (1,1,1) L_0x2424260/d;
L_0x2423ec0/0/0 .functor OR 1, L_0x2424720, L_0x2423c40, L_0x2423440, L_0x2424260;
L_0x2423ec0/0/4 .functor OR 1, L_0x2423a20, C4<0>, C4<0>, C4<0>;
L_0x2423ec0/d .functor OR 1, L_0x2423ec0/0/0, L_0x2423ec0/0/4, C4<0>, C4<0>;
L_0x2423ec0 .delay (1,1,1) L_0x2423ec0/d;
v0x2376c00_0 .net "A", 15 0, v0x240c2d0_0; 1 drivers
v0x23fe560_0 .net "B", 15 0, v0x240c380_0; 1 drivers
RS_0x7f7256f9d078/0/0 .resolv tri, L_0x2413e20, L_0x24148d0, L_0x2415490, L_0x2416230;
RS_0x7f7256f9d078/0/4 .resolv tri, L_0x2417ed0, L_0x2417f70, L_0x2418480, L_0x2419020;
RS_0x7f7256f9d078/0/8 .resolv tri, L_0x2417d90, L_0x2419ca0, L_0x241a230, L_0x2419a40;
RS_0x7f7256f9d078/0/12 .resolv tri, L_0x241a020, L_0x241abe0, L_0x241b2f0, L_0x241ba30;
RS_0x7f7256f9d078 .resolv tri, RS_0x7f7256f9d078/0/0, RS_0x7f7256f9d078/0/4, RS_0x7f7256f9d078/0/8, RS_0x7f7256f9d078/0/12;
v0x23fe600_0 .net8 "C", 15 0, RS_0x7f7256f9d078; 16 drivers
v0x23fe6a0_0 .net "Cin", 0 0, v0x240c430_0; 1 drivers
v0x23fe750_0 .alias "Cout", 0 0, v0x240c4e0_0;
RS_0x7f7256f9d108/0/0 .resolv tri, L_0x240c930, L_0x240cd90, L_0x240d190, L_0x240d620;
RS_0x7f7256f9d108/0/4 .resolv tri, L_0x240d9c0, L_0x240dd50, L_0x240e230, L_0x240e720;
RS_0x7f7256f9d108/0/8 .resolv tri, L_0x240e8d0, L_0x240eec0, L_0x240ef60, L_0x240f5e0;
RS_0x7f7256f9d108/0/12 .resolv tri, L_0x240f680, L_0x240fd20, L_0x240fdc0, L_0x240e610;
RS_0x7f7256f9d108 .resolv tri, RS_0x7f7256f9d108/0/0, RS_0x7f7256f9d108/0/4, RS_0x7f7256f9d108/0/8, RS_0x7f7256f9d108/0/12;
v0x23fe7f0_0 .net8 "G", 15 0, RS_0x7f7256f9d108; 16 drivers
v0x23fe8d0_0 .alias "GG", 0 0, v0x240c5c0_0;
RS_0x7f7256f9d168/0/0 .resolv tri, L_0x2410c20, L_0x2410b80, L_0x2411030, L_0x2411460;
RS_0x7f7256f9d168/0/4 .resolv tri, L_0x2411830, L_0x2411bf0, L_0x2411d90, L_0x24122e0;
RS_0x7f7256f9d168/0/8 .resolv tri, L_0x2412a40, L_0x24128e0, L_0x2412cc0, L_0x2413280;
RS_0x7f7256f9d168/0/12 .resolv tri, L_0x2413460, L_0x2413c90, L_0x2414010, L_0x24103e0;
RS_0x7f7256f9d168 .resolv tri, RS_0x7f7256f9d168/0/0, RS_0x7f7256f9d168/0/4, RS_0x7f7256f9d168/0/8, RS_0x7f7256f9d168/0/12;
v0x23fe970_0 .net8 "P", 15 0, RS_0x7f7256f9d168; 16 drivers
v0x23fea60_0 .alias "PG", 0 0, v0x240c670_0;
v0x23feb00_0 .alias "S", 15 0, v0x240c730_0;
v0x23fec00_0 .net *"_s1", 0 0, L_0x240ca30; 1 drivers
v0x23feca0_0 .net *"_s102", 0 0, L_0x2410200; 1 drivers
v0x23fedb0_0 .net *"_s104", 0 0, L_0x240e450; 1 drivers
v0x23fee50_0 .net *"_s106", 0 0, L_0x240e6b0; 1 drivers
v0x23fef70_0 .net *"_s109", 0 0, L_0x2410130; 1 drivers
v0x23ff010_0 .net *"_s11", 0 0, L_0x240cf70; 1 drivers
v0x23feed0_0 .net *"_s111", 0 0, L_0x2410500; 1 drivers
v0x23ff160_0 .net *"_s113", 0 0, L_0x24105f0; 1 drivers
v0x23ff280_0 .net *"_s116", 0 0, L_0x2410d50; 1 drivers
v0x23ff300_0 .net *"_s118", 0 0, L_0x2410a90; 1 drivers
v0x23ff1e0_0 .net *"_s120", 0 0, L_0x2410e40; 1 drivers
v0x23ff430_0 .net *"_s123", 0 0, L_0x24111e0; 1 drivers
v0x23ff380_0 .net *"_s125", 0 0, L_0x2411280; 1 drivers
v0x23ff570_0 .net *"_s127", 0 0, L_0x24110d0; 1 drivers
v0x23ff4d0_0 .net *"_s13", 0 0, L_0x240d060; 1 drivers
v0x23ff6c0_0 .net *"_s130", 0 0, L_0x2411530; 1 drivers
v0x23ff610_0 .net *"_s132", 0 0, L_0x2411370; 1 drivers
v0x23ff820_0 .net *"_s134", 0 0, L_0x24115d0; 1 drivers
v0x23ff760_0 .net *"_s137", 0 0, L_0x2411670; 1 drivers
v0x23ff990_0 .net *"_s139", 0 0, L_0x2411a10; 1 drivers
v0x23ff8a0_0 .net *"_s141", 0 0, L_0x24118d0; 1 drivers
v0x23ffb10_0 .net *"_s144", 0 0, L_0x2411cf0; 1 drivers
v0x23ffa10_0 .net *"_s146", 0 0, L_0x2411b00; 1 drivers
v0x23ffca0_0 .net *"_s148", 0 0, L_0x2411c90; 1 drivers
v0x23ffb90_0 .net *"_s15", 0 0, L_0x240d230; 1 drivers
v0x23ffe40_0 .net *"_s151", 0 0, L_0x2410f30; 1 drivers
v0x23ffd20_0 .net *"_s153", 0 0, L_0x2412100; 1 drivers
v0x23ffdc0_0 .net *"_s155", 0 0, L_0x2411e30; 1 drivers
v0x2400000_0 .net *"_s158", 0 0, L_0x2412410; 1 drivers
v0x2400080_0 .net *"_s160", 0 0, L_0x24121f0; 1 drivers
v0x23ffec0_0 .net *"_s162", 0 0, L_0x2412380; 1 drivers
v0x23fff60_0 .net *"_s165", 0 0, L_0x2411ff0; 1 drivers
v0x2400260_0 .net *"_s167", 0 0, L_0x24125d0; 1 drivers
v0x24002e0_0 .net *"_s169", 0 0, L_0x2412ae0; 1 drivers
v0x2400100_0 .net *"_s172", 0 0, L_0x2412bd0; 1 drivers
v0x24001a0_0 .net *"_s174", 0 0, L_0x24127f0; 1 drivers
v0x24004e0_0 .net *"_s176", 0 0, L_0x2412980; 1 drivers
v0x2400560_0 .net *"_s179", 0 0, L_0x24124b0; 1 drivers
v0x2400380_0 .net *"_s18", 0 0, L_0x240d320; 1 drivers
v0x2400420_0 .net *"_s181", 0 0, L_0x24130a0; 1 drivers
v0x2400780_0 .net *"_s183", 0 0, L_0x2412d60; 1 drivers
v0x2400800_0 .net *"_s186", 0 0, L_0x2412e50; 1 drivers
v0x2400600_0 .net *"_s188", 0 0, L_0x2413190; 1 drivers
v0x24006a0_0 .net *"_s190", 0 0, L_0x2413320; 1 drivers
v0x2400a40_0 .net *"_s193", 0 0, L_0x2412f70; 1 drivers
v0x2400ac0_0 .net *"_s195", 0 0, L_0x2413840; 1 drivers
v0x2400880_0 .net *"_s197", 0 0, L_0x2413500; 1 drivers
v0x2400920_0 .net *"_s20", 0 0, L_0x240d4a0; 1 drivers
v0x24009c0_0 .net *"_s200", 0 0, L_0x24135b0; 1 drivers
v0x2400d40_0 .net *"_s202", 0 0, L_0x2413bf0; 1 drivers
v0x2400b60_0 .net *"_s204", 0 0, L_0x2413930; 1 drivers
v0x2400c00_0 .net *"_s207", 0 0, L_0x2413700; 1 drivers
v0x2400ca0_0 .net *"_s209", 0 0, L_0x2413ae0; 1 drivers
v0x2400fe0_0 .net *"_s211", 0 0, L_0x24140b0; 1 drivers
v0x2400de0_0 .net *"_s214", 0 0, L_0x24141a0; 1 drivers
v0x2400e80_0 .net *"_s216", 0 0, L_0x24102f0; 1 drivers
v0x2400f20_0 .net *"_s218", 0 0, L_0x240c9d0; 1 drivers
v0x2401280_0 .net *"_s22", 0 0, L_0x240d7b0; 1 drivers
v0x2401080_0 .net *"_s221", 0 0, L_0x24139e0; 1 drivers
v0x2401120_0 .net *"_s223", 0 0, L_0x2413d30; 1 drivers
v0x24011c0_0 .net *"_s225", 0 0, L_0x2413ec0; 1 drivers
v0x2401540_0 .net *"_s229", 0 0, L_0x24146a0; 1 drivers
v0x2401300_0 .net *"_s231", 0 0, L_0x2414790; 1 drivers
v0x24013a0_0 .net *"_s233", 0 0, L_0x24150d0; 1 drivers
v0x2401440_0 .net *"_s236", 0 0, L_0x2415210; 1 drivers
v0x2401820_0 .net *"_s239", 0 0, L_0x24153a0; 1 drivers
v0x24015c0_0 .net *"_s241", 0 0, L_0x2414da0; 1 drivers
v0x2401660_0 .net *"_s244", 0 0, L_0x2414f30; 1 drivers
v0x2401700_0 .net *"_s246", 0 0, L_0x2415020; 1 drivers
v0x24017a0_0 .net *"_s248", 0 0, L_0x2415830; 1 drivers
v0x2401b30_0 .net *"_s25", 0 0, L_0x240d810; 1 drivers
v0x2401bb0_0 .net *"_s250", 0 0, L_0x2415530; 1 drivers
v0x24018c0_0 .net *"_s253", 0 0, L_0x24126c0; 1 drivers
v0x2401960_0 .net *"_s256", 0 0, L_0x2415d80; 1 drivers
v0x2401a00_0 .net *"_s258", 0 0, L_0x2415e70; 1 drivers
v0x2401aa0_0 .net *"_s261", 0 0, L_0x2415a50; 1 drivers
v0x2401f10_0 .net *"_s263", 0 0, L_0x2415b40; 1 drivers
v0x2401fb0_0 .net *"_s265", 0 0, L_0x2415c30; 1 drivers
v0x2401c50_0 .net *"_s268", 0 0, L_0x2416390; 1 drivers
v0x2401cf0_0 .net *"_s27", 0 0, L_0x240d8b0; 1 drivers
v0x2401d90_0 .net *"_s270", 0 0, L_0x2415f60; 1 drivers
v0x2401e30_0 .net *"_s272", 0 0, L_0x2416050; 1 drivers
v0x2402320_0 .net *"_s274", 0 0, L_0x2416140; 1 drivers
v0x24023a0_0 .net *"_s276", 0 0, L_0x2416840; 1 drivers
v0x2402050_0 .net *"_s279", 0 0, L_0x2415670; 1 drivers
v0x24020f0_0 .net *"_s282", 0 0, L_0x2416bc0; 1 drivers
v0x2402190_0 .net *"_s284", 0 0, L_0x2416480; 1 drivers
v0x2402230_0 .net *"_s287", 0 0, L_0x2416780; 1 drivers
v0x2402740_0 .net *"_s289", 0 0, L_0x2416a70; 1 drivers
v0x24027c0_0 .net *"_s29", 0 0, L_0x240d750; 1 drivers
v0x2402420_0 .net *"_s291", 0 0, L_0x2417090; 1 drivers
v0x24024c0_0 .net *"_s294", 0 0, L_0x2416d50; 1 drivers
v0x2402560_0 .net *"_s296", 0 0, L_0x2416e40; 1 drivers
v0x2402600_0 .net *"_s298", 0 0, L_0x2416f30; 1 drivers
v0x24026a0_0 .net *"_s300", 0 0, L_0x2410650; 1 drivers
v0x2402b90_0 .net *"_s303", 0 0, L_0x2410740; 1 drivers
v0x2402860_0 .net *"_s305", 0 0, L_0x2416610; 1 drivers
v0x2402900_0 .net *"_s307", 0 0, L_0x24166b0; 1 drivers
v0x24029a0_0 .net *"_s309", 0 0, L_0x2417350; 1 drivers
v0x2402a40_0 .net *"_s311", 0 0, L_0x2417440; 1 drivers
v0x2402ae0_0 .net *"_s313", 0 0, L_0x2415920; 1 drivers
v0x2402f90_0 .net *"_s316", 0 0, L_0x2417b60; 1 drivers
v0x2402c30_0 .net *"_s319", 0 0, L_0x2417cf0; 1 drivers
v0x2402cd0_0 .net *"_s32", 0 0, L_0x240daf0; 1 drivers
v0x2402d70_0 .net *"_s321", 0 0, L_0x24171d0; 1 drivers
v0x2402e10_0 .net *"_s323", 0 0, L_0x2418010; 1 drivers
v0x2402eb0_0 .net *"_s326", 0 0, L_0x2418110; 1 drivers
v0x24033c0_0 .net *"_s329", 0 0, L_0x24182a0; 1 drivers
v0x2403010_0 .net *"_s331", 0 0, L_0x2418390; 1 drivers
v0x2403090_0 .net *"_s333", 0 0, L_0x2418520; 1 drivers
v0x2403130_0 .net *"_s336", 0 0, L_0x2418660; 1 drivers
v0x24031d0_0 .net *"_s339", 0 0, L_0x24189a0; 1 drivers
v0x2403270_0 .net *"_s34", 0 0, L_0x240dc60; 1 drivers
v0x2403310_0 .net *"_s341", 0 0, L_0x2418a90; 1 drivers
v0x2403830_0 .net *"_s343", 0 0, L_0x2418b40; 1 drivers
v0x24038d0_0 .net *"_s346", 0 0, L_0x2418c80; 1 drivers
v0x2403440_0 .net *"_s349", 0 0, L_0x24187f0; 1 drivers
v0x24034e0_0 .net *"_s351", 0 0, L_0x24188e0; 1 drivers
v0x2403580_0 .net *"_s353", 0 0, L_0x2417e30; 1 drivers
v0x2403620_0 .net *"_s356", 0 0, L_0x2419160; 1 drivers
v0x24036c0_0 .net *"_s359", 0 0, L_0x24194c0; 1 drivers
v0x2403760_0 .net *"_s36", 0 0, L_0x240de80; 1 drivers
v0x2403d80_0 .net *"_s361", 0 0, L_0x2418e60; 1 drivers
v0x2403e00_0 .net *"_s363", 0 0, L_0x2418f50; 1 drivers
v0x2403950_0 .net *"_s366", 0 0, L_0x24198b0; 1 drivers
v0x24039d0_0 .net *"_s369", 0 0, L_0x24192f0; 1 drivers
v0x2403a70_0 .net *"_s371", 0 0, L_0x24193e0; 1 drivers
v0x2403b10_0 .net *"_s373", 0 0, L_0x2419d40; 1 drivers
v0x2403bb0_0 .net *"_s376", 0 0, L_0x2419e40; 1 drivers
v0x2403c50_0 .net *"_s379", 0 0, L_0x241a120; 1 drivers
v0x2403cf0_0 .net *"_s381", 0 0, L_0x2410920; 1 drivers
v0x24042f0_0 .net *"_s383", 0 0, L_0x2419ae0; 1 drivers
v0x2403e80_0 .net *"_s386", 0 0, L_0x241a2d0; 1 drivers
v0x2403f20_0 .net *"_s389", 0 0, L_0x241a660; 1 drivers
v0x2403fc0_0 .net *"_s39", 0 0, L_0x240dfb0; 1 drivers
v0x2404060_0 .net *"_s391", 0 0, L_0x2419f30; 1 drivers
v0x2404100_0 .net *"_s393", 0 0, L_0x241a0c0; 1 drivers
v0x24041a0_0 .net *"_s396", 0 0, L_0x241b160; 1 drivers
v0x2404240_0 .net *"_s399", 0 0, L_0x241a460; 1 drivers
v0x2404820_0 .net *"_s4", 0 0, L_0x240cb10; 1 drivers
v0x2404370_0 .net *"_s401", 0 0, L_0x241a550; 1 drivers
v0x2404410_0 .net *"_s403", 0 0, L_0x241ac80; 1 drivers
v0x24044b0_0 .net *"_s406", 0 0, L_0x241adc0; 1 drivers
v0x2404550_0 .net *"_s409", 0 0, L_0x241af50; 1 drivers
v0x24045f0_0 .net *"_s41", 0 0, L_0x240e0a0; 1 drivers
v0x2404690_0 .net *"_s411", 0 0, L_0x241b040; 1 drivers
v0x2404730_0 .net *"_s413", 0 0, L_0x241b390; 1 drivers
v0x2404d90_0 .net *"_s416", 0 0, L_0x241b490; 1 drivers
v0x24048a0_0 .net *"_s419", 0 0, L_0x241b850; 1 drivers
v0x2404920_0 .net *"_s421", 0 0, L_0x241b940; 1 drivers
v0x24049c0_0 .net *"_s423", 0 0, L_0x241bad0; 1 drivers
v0x2404a60_0 .net *"_s426", 0 0, L_0x241c220; 1 drivers
v0x2404b00_0 .net *"_s429", 0 0, L_0x241b620; 1 drivers
v0x2404ba0_0 .net *"_s43", 0 0, L_0x240ddf0; 1 drivers
v0x2404c40_0 .net *"_s431", 0 0, L_0x241b710; 1 drivers
v0x2404ce0_0 .net *"_s434", 0 0, L_0x241c160; 1 drivers
v0x2405350_0 .net *"_s436", 0 0, L_0x2419700; 1 drivers
v0x24053d0_0 .net *"_s439", 0 0, L_0x241c360; 1 drivers
v0x2404e10_0 .net *"_s441", 0 0, L_0x241c450; 1 drivers
v0x2404eb0_0 .net *"_s443", 0 0, L_0x241c5e0; 1 drivers
v0x2404f50_0 .net *"_s446", 0 0, L_0x241c6d0; 1 drivers
v0x2404ff0_0 .net *"_s448", 0 0, L_0x241c7c0; 1 drivers
v0x2405090_0 .net *"_s450", 0 0, L_0x241c9e0; 1 drivers
v0x2405130_0 .net *"_s453", 0 0, L_0x241ca80; 1 drivers
v0x24051d0_0 .net *"_s455", 0 0, L_0x241cbf0; 1 drivers
v0x2405270_0 .net *"_s457", 0 0, L_0x241cd80; 1 drivers
v0x24059e0_0 .net *"_s46", 0 0, L_0x240e360; 1 drivers
v0x2405a60_0 .net *"_s460", 0 0, L_0x241ce30; 1 drivers
v0x2405450_0 .net *"_s462", 0 0, L_0x241cf20; 1 drivers
v0x24054f0_0 .net *"_s464", 0 0, L_0x241d0b0; 1 drivers
v0x2405590_0 .net *"_s467", 0 0, L_0x241d1a0; 1 drivers
v0x2405630_0 .net *"_s469", 0 0, L_0x241d290; 1 drivers
v0x24056d0_0 .net *"_s471", 0 0, L_0x241d420; 1 drivers
v0x2405770_0 .net *"_s474", 0 0, L_0x241d510; 1 drivers
v0x2405810_0 .net *"_s476", 0 0, L_0x241d600; 1 drivers
v0x24058b0_0 .net *"_s478", 0 0, L_0x241c950; 1 drivers
v0x2405950_0 .net *"_s48", 0 0, L_0x240e190; 1 drivers
v0x24060c0_0 .net *"_s481", 0 0, L_0x241dbb0; 1 drivers
v0x2405ae0_0 .net *"_s483", 0 0, L_0x241dca0; 1 drivers
v0x2405b80_0 .net *"_s485", 0 0, L_0x241de30; 1 drivers
v0x2405c20_0 .net *"_s488", 0 0, L_0x241e590; 1 drivers
v0x2405cc0_0 .net *"_s490", 0 0, L_0x241e680; 1 drivers
v0x2405d60_0 .net *"_s492", 0 0, L_0x241df70; 1 drivers
v0x2405e00_0 .net *"_s495", 0 0, L_0x241e2f0; 1 drivers
v0x2405ea0_0 .net *"_s497", 0 0, L_0x241e3e0; 1 drivers
v0x2405f40_0 .net *"_s499", 0 0, L_0x241d9d0; 1 drivers
v0x2405fe0_0 .net *"_s50", 0 0, L_0x240d590; 1 drivers
v0x2406770_0 .net *"_s502", 0 0, L_0x241dac0; 1 drivers
v0x2406140_0 .net *"_s504", 0 0, L_0x241ee10; 1 drivers
v0x24061e0_0 .net *"_s506", 0 0, L_0x241e810; 1 drivers
v0x2406280_0 .net *"_s509", 0 0, L_0x241eba0; 1 drivers
v0x2406320_0 .net *"_s511", 0 0, L_0x241ec90; 1 drivers
v0x24063c0_0 .net *"_s513", 0 0, L_0x241e100; 1 drivers
v0x2406460_0 .net *"_s516", 0 0, L_0x241e1f0; 1 drivers
v0x2406500_0 .net *"_s518", 0 0, L_0x241f580; 1 drivers
v0x24065a0_0 .net *"_s520", 0 0, L_0x241ef50; 1 drivers
v0x2406640_0 .net *"_s523", 0 0, L_0x241e900; 1 drivers
v0x24066e0_0 .net *"_s525", 0 0, L_0x241e9f0; 1 drivers
v0x2406e80_0 .net *"_s527", 0 0, L_0x241f2b0; 1 drivers
v0x2406f00_0 .net *"_s53", 0 0, L_0x240e990; 1 drivers
v0x2406810_0 .net *"_s530", 0 0, L_0x241f3a0; 1 drivers
v0x24068b0_0 .net *"_s532", 0 0, L_0x241f490; 1 drivers
v0x2406950_0 .net *"_s534", 0 0, L_0x241d790; 1 drivers
v0x24069f0_0 .net *"_s537", 0 0, L_0x241f000; 1 drivers
v0x2406a90_0 .net *"_s539", 0 0, L_0x241f0f0; 1 drivers
v0x2406b30_0 .net *"_s541", 0 0, L_0x241f620; 1 drivers
v0x2406bd0_0 .net *"_s544", 0 0, L_0x241f710; 1 drivers
v0x2406c70_0 .net *"_s546", 0 0, L_0x2417580; 1 drivers
v0x2406d10_0 .net *"_s549", 0 0, L_0x2417710; 1 drivers
v0x2406db0_0 .net *"_s55", 0 0, L_0x240ea30; 1 drivers
v0x2407670_0 .net *"_s551", 0 0, L_0x2417800; 1 drivers
v0x24076f0_0 .net *"_s553", 0 0, L_0x24178f0; 1 drivers
v0x2406fa0_0 .net *"_s555", 0 0, L_0x241f850; 1 drivers
v0x2407040_0 .net *"_s558", 0 0, L_0x241fa70; 1 drivers
v0x24070e0_0 .net *"_s560", 0 0, L_0x241fb60; 1 drivers
v0x2407180_0 .net *"_s562", 0 0, L_0x241fc50; 1 drivers
v0x2407220_0 .net *"_s564", 0 0, L_0x2420300; 1 drivers
v0x24072c0_0 .net *"_s567", 0 0, L_0x24207c0; 1 drivers
v0x2407360_0 .net *"_s569", 0 0, L_0x24208b0; 1 drivers
v0x2407400_0 .net *"_s57", 0 0, L_0x240ebf0; 1 drivers
v0x24074a0_0 .net *"_s571", 0 0, L_0x241ffe0; 1 drivers
v0x2407540_0 .net *"_s573", 0 0, L_0x24200d0; 1 drivers
v0x24075e0_0 .net *"_s576", 0 0, L_0x2421a10; 1 drivers
v0x2407ee0_0 .net *"_s578", 0 0, L_0x2421b00; 1 drivers
v0x2407790_0 .net *"_s580", 0 0, L_0x24211e0; 1 drivers
v0x2407830_0 .net *"_s582", 0 0, L_0x24212d0; 1 drivers
v0x24078d0_0 .net *"_s585", 0 0, L_0x24216f0; 1 drivers
v0x2407970_0 .net *"_s587", 0 0, L_0x24217e0; 1 drivers
v0x2407a10_0 .net *"_s590", 0 0, L_0x24204e0; 1 drivers
v0x2407ab0_0 .net *"_s592", 0 0, L_0x24205d0; 1 drivers
v0x2407b50_0 .net *"_s594", 0 0, L_0x24206c0; 1 drivers
v0x2407bf0_0 .net *"_s597", 0 0, L_0x2421400; 1 drivers
v0x2407c90_0 .net *"_s599", 0 0, L_0x24214f0; 1 drivers
v0x2407d30_0 .net *"_s6", 0 0, L_0x240cc50; 1 drivers
v0x2407dd0_0 .net *"_s60", 0 0, L_0x240eca0; 1 drivers
v0x2408710_0 .net *"_s601", 0 0, L_0x24215e0; 1 drivers
v0x2407f60_0 .net *"_s603", 0 0, L_0x2421bf0; 1 drivers
v0x2408000_0 .net *"_s606", 0 0, L_0x2421e30; 1 drivers
v0x24080a0_0 .net *"_s609", 0 0, L_0x24222d0; 1 drivers
v0x2408140_0 .net *"_s611", 0 0, L_0x2422470; 1 drivers
v0x24081e0_0 .net *"_s614", 0 0, L_0x2422600; 1 drivers
v0x2408280_0 .net *"_s616", 0 0, L_0x2422f90; 1 drivers
v0x2408320_0 .net *"_s618", 0 0, L_0x2422740; 1 drivers
v0x24083c0_0 .net *"_s62", 0 0, L_0x240eb20; 1 drivers
v0x2408460_0 .net *"_s621", 0 0, L_0x2421fc0; 1 drivers
v0x2408500_0 .net *"_s623", 0 0, L_0x24220b0; 1 drivers
v0x24085a0_0 .net *"_s625", 0 0, L_0x24221a0; 1 drivers
v0x2408640_0 .net *"_s627", 0 0, L_0x2422bf0; 1 drivers
v0x2408fb0_0 .net *"_s630", 0 0, L_0x2422e80; 1 drivers
v0x2409030_0 .net *"_s633", 0 0, L_0x24228d0; 1 drivers
v0x2408790_0 .net *"_s635", 0 0, L_0x24229c0; 1 drivers
v0x2408830_0 .net *"_s638", 0 0, L_0x2422b50; 1 drivers
v0x24088d0_0 .net *"_s64", 0 0, L_0x240ed90; 1 drivers
v0x2408970_0 .net *"_s640", 0 0, L_0x2423030; 1 drivers
v0x2408a10_0 .net *"_s642", 0 0, L_0x24230d0; 1 drivers
v0x2408ab0_0 .net *"_s645", 0 0, L_0x24235a0; 1 drivers
v0x2408b50_0 .net *"_s647", 0 0, L_0x2423690; 1 drivers
v0x2408bf0_0 .net *"_s649", 0 0, L_0x2423780; 1 drivers
v0x2408c90_0 .net *"_s651", 0 0, L_0x2423930; 1 drivers
v0x2408d30_0 .net *"_s654", 0 0, L_0x2424500; 1 drivers
v0x2408dd0_0 .net *"_s657", 0 0, L_0x2423260; 1 drivers
v0x2408e70_0 .net *"_s659", 0 0, L_0x2423350; 1 drivers
v0x2408f10_0 .net *"_s662", 0 0, L_0x24234e0; 1 drivers
v0x2409940_0 .net *"_s664", 0 0, L_0x2424080; 1 drivers
v0x24090d0_0 .net *"_s666", 0 0, L_0x2424170; 1 drivers
v0x2409170_0 .net *"_s669", 0 0, L_0x2424300; 1 drivers
v0x2409210_0 .net *"_s67", 0 0, L_0x240f0b0; 1 drivers
v0x24092b0_0 .net *"_s671", 0 0, L_0x24243f0; 1 drivers
v0x2409350_0 .net *"_s673", 0 0, L_0x2423ce0; 1 drivers
v0x24093f0_0 .net *"_s675", 0 0, L_0x2423dd0; 1 drivers
v0x2409490_0 .net *"_s678", 0 0, L_0x2424720; 1 drivers
v0x2409530_0 .net *"_s69", 0 0, L_0x240f150; 1 drivers
v0x24095d0_0 .net *"_s71", 0 0, L_0x240f340; 1 drivers
v0x2409670_0 .net *"_s74", 0 0, L_0x240f3e0; 1 drivers
v0x2409710_0 .net *"_s76", 0 0, L_0x240f240; 1 drivers
v0x24097b0_0 .net *"_s78", 0 0, L_0x240f4d0; 1 drivers
v0x2409850_0 .net *"_s8", 0 0, L_0x240ce80; 1 drivers
v0x240a2c0_0 .net *"_s81", 0 0, L_0x240f7a0; 1 drivers
v0x24099c0_0 .net *"_s83", 0 0, L_0x240f890; 1 drivers
v0x2409a60_0 .net *"_s85", 0 0, L_0x240f050; 1 drivers
v0x2409b00_0 .net *"_s88", 0 0, L_0x240faf0; 1 drivers
v0x2409ba0_0 .net *"_s90", 0 0, L_0x240f980; 1 drivers
v0x2409c40_0 .net *"_s92", 0 0, L_0x240fbe0; 1 drivers
v0x2409ce0_0 .net *"_s95", 0 0, L_0x240ff10; 1 drivers
v0x2409d80_0 .net *"_s97", 0 0, L_0x240ffb0; 1 drivers
v0x2409e20_0 .net *"_s99", 0 0, L_0x240fe60; 1 drivers
v0x2409ec0_0 .net "g1", 0 0, L_0x240c560; 1 drivers
v0x2409f60_0 .net "g10", 0 0, L_0x2422ab0; 1 drivers
v0x240a000_0 .net "g11", 0 0, L_0x24231c0; 1 drivers
v0x240a0a0_0 .net "g12", 0 0, L_0x2423a20; 1 drivers
v0x240a140_0 .net "g13", 0 0, L_0x2423c40; 1 drivers
v0x240a1e0_0 .net "g14", 0 0, L_0x2423440; 1 drivers
v0x240acc0_0 .net "g15", 0 0, L_0x2424260; 1 drivers
v0x240ad40_0 .net "g2", 0 0, L_0x24218d0; 1 drivers
v0x240a340_0 .net "g3", 0 0, L_0x24223d0; 1 drivers
v0x240a3c0_0 .net "g4", 0 0, L_0x2421ce0; 1 drivers
v0x240a460_0 .net "g5", 0 0, L_0x2421f20; 1 drivers
v0x240a500_0 .net "g6", 0 0, L_0x2422560; 1 drivers
v0x240a5a0_0 .net "g7", 0 0, L_0x2422830; 1 drivers
v0x240a640_0 .net "g8", 0 0, L_0x2422ce0; 1 drivers
v0x240a6e0_0 .net "g9", 0 0, L_0x2423890; 1 drivers
v0x240a780_0 .net "v", 0 0, L_0x2417670; 1 drivers
v0x240a820_0 .net "v1", 0 0, L_0x241f940; 1 drivers
v0x240a8c0_0 .net "v2", 0 0, L_0x24203f0; 1 drivers
v0x240a960_0 .net "w1", 0 0, L_0x2410480; 1 drivers
v0x240aa00_0 .net "w10", 0 0, L_0x2417020; 1 drivers
v0x240aaa0_0 .net "w12", 0 0, L_0x2417c50; 1 drivers
v0x240ab40_0 .net "w13", 0 0, L_0x2418200; 1 drivers
v0x240abe0_0 .net "w14", 0 0, L_0x2418750; 1 drivers
v0x240b7c0_0 .net "w15", 0 0, L_0x2418d70; 1 drivers
v0x240adc0_0 .net "w16", 0 0, L_0x2419250; 1 drivers
v0x240ae40_0 .net "w17", 0 0, L_0x24199a0; 1 drivers
v0x240aee0_0 .net "w18", 0 0, L_0x2410880; 1 drivers
v0x240af80_0 .net "w19", 0 0, L_0x241a3c0; 1 drivers
v0x240b020_0 .net "w2", 0 0, L_0x2415300; 1 drivers
v0x240b0c0_0 .net "w20", 0 0, L_0x241b250; 1 drivers
v0x240b160_0 .net "w21", 0 0, L_0x241aeb0; 1 drivers
v0x240b200_0 .net "w22", 0 0, L_0x241b580; 1 drivers
v0x240b2a0_0 .net "w23", 0 0, L_0x241c2c0; 1 drivers
v0x240b340_0 .net "w3", 0 0, L_0x2414e90; 1 drivers
v0x240b3e0_0 .net "w4", 0 0, L_0x2415d20; 1 drivers
v0x240b480_0 .net "w5", 0 0, L_0x24159b0; 1 drivers
v0x240b520_0 .net "w6", 0 0, L_0x24162f0; 1 drivers
v0x240b5c0_0 .net "w7", 0 0, L_0x2415760; 1 drivers
v0x240b660_0 .net "w8", 0 0, L_0x2416570; 1 drivers
v0x240b700_0 .net "w9", 0 0, L_0x2416cb0; 1 drivers
L_0x240c930 .part/pv L_0x240ca30, 0, 1, 16;
L_0x240cb10 .part v0x240c2d0_0, 0, 1;
L_0x240cc50 .part v0x240c380_0, 0, 1;
L_0x240cd90 .part/pv L_0x240ce80, 1, 1, 16;
L_0x240cf70 .part v0x240c2d0_0, 1, 1;
L_0x240d060 .part v0x240c380_0, 1, 1;
L_0x240d190 .part/pv L_0x240d230, 2, 1, 16;
L_0x240d320 .part v0x240c2d0_0, 2, 1;
L_0x240d4a0 .part v0x240c380_0, 2, 1;
L_0x240d620 .part/pv L_0x240d7b0, 3, 1, 16;
L_0x240d810 .part v0x240c2d0_0, 3, 1;
L_0x240d8b0 .part v0x240c380_0, 3, 1;
L_0x240d9c0 .part/pv L_0x240d750, 4, 1, 16;
L_0x240daf0 .part v0x240c2d0_0, 4, 1;
L_0x240dc60 .part v0x240c380_0, 4, 1;
L_0x240dd50 .part/pv L_0x240de80, 5, 1, 16;
L_0x240dfb0 .part v0x240c2d0_0, 5, 1;
L_0x240e0a0 .part v0x240c380_0, 5, 1;
L_0x240e230 .part/pv L_0x240ddf0, 6, 1, 16;
L_0x240e360 .part v0x240c2d0_0, 6, 1;
L_0x240e190 .part v0x240c380_0, 6, 1;
L_0x240e720 .part/pv L_0x240d590, 7, 1, 16;
L_0x240e990 .part v0x240c2d0_0, 7, 1;
L_0x240ea30 .part v0x240c380_0, 7, 1;
L_0x240e8d0 .part/pv L_0x240ebf0, 8, 1, 16;
L_0x240eca0 .part v0x240c2d0_0, 8, 1;
L_0x240eb20 .part v0x240c380_0, 8, 1;
L_0x240eec0 .part/pv L_0x240ed90, 9, 1, 16;
L_0x240f0b0 .part v0x240c2d0_0, 9, 1;
L_0x240f150 .part v0x240c380_0, 9, 1;
L_0x240ef60 .part/pv L_0x240f340, 10, 1, 16;
L_0x240f3e0 .part v0x240c2d0_0, 10, 1;
L_0x240f240 .part v0x240c380_0, 10, 1;
L_0x240f5e0 .part/pv L_0x240f4d0, 11, 1, 16;
L_0x240f7a0 .part v0x240c2d0_0, 11, 1;
L_0x240f890 .part v0x240c380_0, 11, 1;
L_0x240f680 .part/pv L_0x240f050, 12, 1, 16;
L_0x240faf0 .part v0x240c2d0_0, 12, 1;
L_0x240f980 .part v0x240c380_0, 12, 1;
L_0x240fd20 .part/pv L_0x240fbe0, 13, 1, 16;
L_0x240ff10 .part v0x240c2d0_0, 13, 1;
L_0x240ffb0 .part v0x240c380_0, 13, 1;
L_0x240fdc0 .part/pv L_0x240fe60, 14, 1, 16;
L_0x2410200 .part v0x240c2d0_0, 14, 1;
L_0x240e450 .part v0x240c380_0, 14, 1;
L_0x240e610 .part/pv L_0x240e6b0, 15, 1, 16;
L_0x2410130 .part v0x240c2d0_0, 15, 1;
L_0x2410500 .part v0x240c380_0, 15, 1;
L_0x2410c20 .part/pv L_0x24105f0, 0, 1, 16;
L_0x2410d50 .part v0x240c2d0_0, 0, 1;
L_0x2410a90 .part v0x240c380_0, 0, 1;
L_0x2410b80 .part/pv L_0x2410e40, 1, 1, 16;
L_0x24111e0 .part v0x240c2d0_0, 1, 1;
L_0x2411280 .part v0x240c380_0, 1, 1;
L_0x2411030 .part/pv L_0x24110d0, 2, 1, 16;
L_0x2411530 .part v0x240c2d0_0, 2, 1;
L_0x2411370 .part v0x240c380_0, 2, 1;
L_0x2411460 .part/pv L_0x24115d0, 3, 1, 16;
L_0x2411670 .part v0x240c2d0_0, 3, 1;
L_0x2411a10 .part v0x240c380_0, 3, 1;
L_0x2411830 .part/pv L_0x24118d0, 4, 1, 16;
L_0x2411cf0 .part v0x240c2d0_0, 4, 1;
L_0x2411b00 .part v0x240c380_0, 4, 1;
L_0x2411bf0 .part/pv L_0x2411c90, 5, 1, 16;
L_0x2410f30 .part v0x240c2d0_0, 5, 1;
L_0x2412100 .part v0x240c380_0, 5, 1;
L_0x2411d90 .part/pv L_0x2411e30, 6, 1, 16;
L_0x2412410 .part v0x240c2d0_0, 6, 1;
L_0x24121f0 .part v0x240c380_0, 6, 1;
L_0x24122e0 .part/pv L_0x2412380, 7, 1, 16;
L_0x2411ff0 .part v0x240c2d0_0, 7, 1;
L_0x24125d0 .part v0x240c380_0, 7, 1;
L_0x2412a40 .part/pv L_0x2412ae0, 8, 1, 16;
L_0x2412bd0 .part v0x240c2d0_0, 8, 1;
L_0x24127f0 .part v0x240c380_0, 8, 1;
L_0x24128e0 .part/pv L_0x2412980, 9, 1, 16;
L_0x24124b0 .part v0x240c2d0_0, 9, 1;
L_0x24130a0 .part v0x240c380_0, 9, 1;
L_0x2412cc0 .part/pv L_0x2412d60, 10, 1, 16;
L_0x2412e50 .part v0x240c2d0_0, 10, 1;
L_0x2413190 .part v0x240c380_0, 10, 1;
L_0x2413280 .part/pv L_0x2413320, 11, 1, 16;
L_0x2412f70 .part v0x240c2d0_0, 11, 1;
L_0x2413840 .part v0x240c380_0, 11, 1;
L_0x2413460 .part/pv L_0x2413500, 12, 1, 16;
L_0x24135b0 .part v0x240c2d0_0, 12, 1;
L_0x2413bf0 .part v0x240c380_0, 12, 1;
L_0x2413c90 .part/pv L_0x2413930, 13, 1, 16;
L_0x2413700 .part v0x240c2d0_0, 13, 1;
L_0x2413ae0 .part v0x240c380_0, 13, 1;
L_0x2414010 .part/pv L_0x24140b0, 14, 1, 16;
L_0x24141a0 .part v0x240c2d0_0, 14, 1;
L_0x24102f0 .part v0x240c380_0, 14, 1;
L_0x24103e0 .part/pv L_0x240c9d0, 15, 1, 16;
L_0x24139e0 .part v0x240c2d0_0, 15, 1;
L_0x2413d30 .part v0x240c380_0, 15, 1;
L_0x2413e20 .part/pv L_0x2413ec0, 0, 1, 16;
L_0x24146a0 .part RS_0x7f7256f9d168, 0, 1;
L_0x2414790 .part RS_0x7f7256f9d078, 0, 1;
L_0x24148d0 .part/pv L_0x24150d0, 1, 1, 16;
L_0x2415210 .part RS_0x7f7256f9d108, 0, 1;
L_0x24153a0 .part RS_0x7f7256f9d168, 1, 1;
L_0x2414da0 .part RS_0x7f7256f9d108, 0, 1;
L_0x2414f30 .part RS_0x7f7256f9d168, 1, 1;
L_0x2415020 .part RS_0x7f7256f9d168, 0, 1;
L_0x2415830 .part RS_0x7f7256f9d078, 0, 1;
L_0x2415490 .part/pv L_0x2415530, 2, 1, 16;
L_0x24126c0 .part RS_0x7f7256f9d108, 1, 1;
L_0x2415d80 .part RS_0x7f7256f9d168, 2, 1;
L_0x2415e70 .part RS_0x7f7256f9d108, 1, 1;
L_0x2415a50 .part RS_0x7f7256f9d168, 2, 1;
L_0x2415b40 .part RS_0x7f7256f9d168, 1, 1;
L_0x2415c30 .part RS_0x7f7256f9d108, 0, 1;
L_0x2416390 .part RS_0x7f7256f9d168, 2, 1;
L_0x2415f60 .part RS_0x7f7256f9d168, 1, 1;
L_0x2416050 .part RS_0x7f7256f9d168, 0, 1;
L_0x2416140 .part RS_0x7f7256f9d078, 0, 1;
L_0x2416230 .part/pv L_0x2416840, 3, 1, 16;
L_0x2415670 .part RS_0x7f7256f9d108, 2, 1;
L_0x2416bc0 .part RS_0x7f7256f9d168, 3, 1;
L_0x2416480 .part RS_0x7f7256f9d108, 2, 1;
L_0x2416780 .part RS_0x7f7256f9d168, 3, 1;
L_0x2416a70 .part RS_0x7f7256f9d168, 2, 1;
L_0x2417090 .part RS_0x7f7256f9d108, 1, 1;
L_0x2416d50 .part RS_0x7f7256f9d168, 3, 1;
L_0x2416e40 .part RS_0x7f7256f9d168, 2, 1;
L_0x2416f30 .part RS_0x7f7256f9d168, 1, 1;
L_0x2410650 .part RS_0x7f7256f9d108, 0, 1;
L_0x2410740 .part RS_0x7f7256f9d168, 3, 1;
L_0x2416610 .part RS_0x7f7256f9d168, 2, 1;
L_0x24166b0 .part RS_0x7f7256f9d168, 1, 1;
L_0x2417350 .part RS_0x7f7256f9d168, 0, 1;
L_0x2417440 .part RS_0x7f7256f9d078, 0, 1;
L_0x2417ed0 .part/pv L_0x2415920, 4, 1, 16;
L_0x2417b60 .part RS_0x7f7256f9d108, 3, 1;
L_0x2417cf0 .part RS_0x7f7256f9d168, 4, 1;
L_0x24171d0 .part RS_0x7f7256f9d078, 4, 1;
L_0x2417f70 .part/pv L_0x2418010, 5, 1, 16;
L_0x2418110 .part RS_0x7f7256f9d108, 4, 1;
L_0x24182a0 .part RS_0x7f7256f9d168, 5, 1;
L_0x2418390 .part RS_0x7f7256f9d078, 5, 1;
L_0x2418480 .part/pv L_0x2418520, 6, 1, 16;
L_0x2418660 .part RS_0x7f7256f9d108, 5, 1;
L_0x24189a0 .part RS_0x7f7256f9d168, 6, 1;
L_0x2418a90 .part RS_0x7f7256f9d078, 6, 1;
L_0x2419020 .part/pv L_0x2418b40, 7, 1, 16;
L_0x2418c80 .part RS_0x7f7256f9d108, 6, 1;
L_0x24187f0 .part RS_0x7f7256f9d168, 7, 1;
L_0x24188e0 .part RS_0x7f7256f9d078, 7, 1;
L_0x2417d90 .part/pv L_0x2417e30, 8, 1, 16;
L_0x2419160 .part RS_0x7f7256f9d108, 7, 1;
L_0x24194c0 .part RS_0x7f7256f9d168, 8, 1;
L_0x2418e60 .part RS_0x7f7256f9d078, 8, 1;
L_0x2419ca0 .part/pv L_0x2418f50, 9, 1, 16;
L_0x24198b0 .part RS_0x7f7256f9d108, 8, 1;
L_0x24192f0 .part RS_0x7f7256f9d168, 9, 1;
L_0x24193e0 .part RS_0x7f7256f9d078, 9, 1;
L_0x241a230 .part/pv L_0x2419d40, 10, 1, 16;
L_0x2419e40 .part RS_0x7f7256f9d108, 9, 1;
L_0x241a120 .part RS_0x7f7256f9d168, 10, 1;
L_0x2410920 .part RS_0x7f7256f9d078, 10, 1;
L_0x2419a40 .part/pv L_0x2419ae0, 11, 1, 16;
L_0x241a2d0 .part RS_0x7f7256f9d108, 10, 1;
L_0x241a660 .part RS_0x7f7256f9d168, 11, 1;
L_0x2419f30 .part RS_0x7f7256f9d078, 11, 1;
L_0x241a020 .part/pv L_0x241a0c0, 12, 1, 16;
L_0x241b160 .part RS_0x7f7256f9d108, 11, 1;
L_0x241a460 .part RS_0x7f7256f9d168, 12, 1;
L_0x241a550 .part RS_0x7f7256f9d078, 12, 1;
L_0x241abe0 .part/pv L_0x241ac80, 13, 1, 16;
L_0x241adc0 .part RS_0x7f7256f9d108, 12, 1;
L_0x241af50 .part RS_0x7f7256f9d168, 13, 1;
L_0x241b040 .part RS_0x7f7256f9d078, 13, 1;
L_0x241b2f0 .part/pv L_0x241b390, 14, 1, 16;
L_0x241b490 .part RS_0x7f7256f9d108, 13, 1;
L_0x241b850 .part RS_0x7f7256f9d168, 14, 1;
L_0x241b940 .part RS_0x7f7256f9d078, 14, 1;
L_0x241ba30 .part/pv L_0x241bad0, 15, 1, 16;
L_0x241c220 .part RS_0x7f7256f9d108, 14, 1;
L_0x241b620 .part RS_0x7f7256f9d168, 15, 1;
L_0x241b710 .part RS_0x7f7256f9d078, 15, 1;
L_0x241c160 .part RS_0x7f7256f9d108, 15, 1;
L_0x2419610 .part/pv L_0x2419700, 0, 1, 16;
L_0x241c360 .part RS_0x7f7256f9d168, 0, 1;
L_0x241c450 .part RS_0x7f7256f9d078, 0, 1;
L_0x241c540 .part/pv L_0x241c5e0, 1, 1, 16;
L_0x241c6d0 .part RS_0x7f7256f9d168, 1, 1;
L_0x241c7c0 .part RS_0x7f7256f9d078, 1, 1;
L_0x241c8b0 .part/pv L_0x241c9e0, 2, 1, 16;
L_0x241ca80 .part RS_0x7f7256f9d168, 2, 1;
L_0x241cbf0 .part RS_0x7f7256f9d078, 2, 1;
L_0x241cce0 .part/pv L_0x241cd80, 3, 1, 16;
L_0x241ce30 .part RS_0x7f7256f9d168, 3, 1;
L_0x241cf20 .part RS_0x7f7256f9d078, 3, 1;
L_0x241d010 .part/pv L_0x241d0b0, 4, 1, 16;
L_0x241d1a0 .part RS_0x7f7256f9d168, 4, 1;
L_0x241d290 .part RS_0x7f7256f9d078, 4, 1;
L_0x241d380 .part/pv L_0x241d420, 5, 1, 16;
L_0x241d510 .part RS_0x7f7256f9d168, 5, 1;
L_0x241d600 .part RS_0x7f7256f9d078, 5, 1;
L_0x241d6f0 .part/pv L_0x241c950, 6, 1, 16;
L_0x241dbb0 .part RS_0x7f7256f9d168, 6, 1;
L_0x241dca0 .part RS_0x7f7256f9d078, 6, 1;
L_0x241dd90 .part/pv L_0x241de30, 7, 1, 16;
L_0x241e590 .part RS_0x7f7256f9d168, 7, 1;
L_0x241e680 .part RS_0x7f7256f9d078, 7, 1;
L_0x241ded0 .part/pv L_0x241df70, 8, 1, 16;
L_0x241e2f0 .part RS_0x7f7256f9d168, 8, 1;
L_0x241e3e0 .part RS_0x7f7256f9d078, 8, 1;
L_0x241d930 .part/pv L_0x241d9d0, 9, 1, 16;
L_0x241dac0 .part RS_0x7f7256f9d168, 9, 1;
L_0x241ee10 .part RS_0x7f7256f9d078, 9, 1;
L_0x241e770 .part/pv L_0x241e810, 10, 1, 16;
L_0x241eba0 .part RS_0x7f7256f9d168, 10, 1;
L_0x241ec90 .part RS_0x7f7256f9d078, 10, 1;
L_0x241e060 .part/pv L_0x241e100, 11, 1, 16;
L_0x241e1f0 .part RS_0x7f7256f9d168, 11, 1;
L_0x241f580 .part RS_0x7f7256f9d078, 11, 1;
L_0x241eeb0 .part/pv L_0x241ef50, 12, 1, 16;
L_0x241e900 .part RS_0x7f7256f9d168, 12, 1;
L_0x241e9f0 .part RS_0x7f7256f9d078, 12, 1;
L_0x241eae0 .part/pv L_0x241f2b0, 13, 1, 16;
L_0x241f3a0 .part RS_0x7f7256f9d168, 13, 1;
L_0x241f490 .part RS_0x7f7256f9d078, 13, 1;
L_0x241fd30 .part/pv L_0x241d790, 14, 1, 16;
L_0x241f000 .part RS_0x7f7256f9d168, 14, 1;
L_0x241f0f0 .part RS_0x7f7256f9d078, 14, 1;
L_0x241f1e0 .part/pv L_0x241f620, 15, 1, 16;
L_0x241f710 .part RS_0x7f7256f9d168, 15, 1;
L_0x2417580 .part RS_0x7f7256f9d078, 15, 1;
L_0x2417710 .part RS_0x7f7256f9d168, 3, 1;
L_0x2417800 .part RS_0x7f7256f9d168, 2, 1;
L_0x24178f0 .part RS_0x7f7256f9d168, 1, 1;
L_0x241f850 .part RS_0x7f7256f9d168, 0, 1;
L_0x241fa70 .part RS_0x7f7256f9d168, 7, 1;
L_0x241fb60 .part RS_0x7f7256f9d168, 6, 1;
L_0x241fc50 .part RS_0x7f7256f9d168, 5, 1;
L_0x2420300 .part RS_0x7f7256f9d168, 4, 1;
L_0x24207c0 .part RS_0x7f7256f9d168, 11, 1;
L_0x24208b0 .part RS_0x7f7256f9d168, 10, 1;
L_0x241ffe0 .part RS_0x7f7256f9d168, 9, 1;
L_0x24200d0 .part RS_0x7f7256f9d168, 8, 1;
L_0x2421a10 .part RS_0x7f7256f9d168, 15, 1;
L_0x2421b00 .part RS_0x7f7256f9d168, 14, 1;
L_0x24211e0 .part RS_0x7f7256f9d168, 13, 1;
L_0x24212d0 .part RS_0x7f7256f9d168, 12, 1;
L_0x24216f0 .part RS_0x7f7256f9d168, 3, 1;
L_0x24217e0 .part RS_0x7f7256f9d108, 2, 1;
L_0x24204e0 .part RS_0x7f7256f9d168, 3, 1;
L_0x24205d0 .part RS_0x7f7256f9d168, 2, 1;
L_0x24206c0 .part RS_0x7f7256f9d108, 1, 1;
L_0x2421400 .part RS_0x7f7256f9d168, 3, 1;
L_0x24214f0 .part RS_0x7f7256f9d168, 2, 1;
L_0x24215e0 .part RS_0x7f7256f9d168, 1, 1;
L_0x2421bf0 .part RS_0x7f7256f9d108, 0, 1;
L_0x2421e30 .part RS_0x7f7256f9d108, 3, 1;
L_0x24222d0 .part RS_0x7f7256f9d168, 7, 1;
L_0x2422470 .part RS_0x7f7256f9d108, 6, 1;
L_0x2422600 .part RS_0x7f7256f9d168, 7, 1;
L_0x2422f90 .part RS_0x7f7256f9d168, 6, 1;
L_0x2422740 .part RS_0x7f7256f9d108, 5, 1;
L_0x2421fc0 .part RS_0x7f7256f9d168, 7, 1;
L_0x24220b0 .part RS_0x7f7256f9d168, 6, 1;
L_0x24221a0 .part RS_0x7f7256f9d168, 5, 1;
L_0x2422bf0 .part RS_0x7f7256f9d108, 4, 1;
L_0x2422e80 .part RS_0x7f7256f9d108, 7, 1;
L_0x24228d0 .part RS_0x7f7256f9d168, 11, 1;
L_0x24229c0 .part RS_0x7f7256f9d108, 10, 1;
L_0x2422b50 .part RS_0x7f7256f9d168, 11, 1;
L_0x2423030 .part RS_0x7f7256f9d168, 10, 1;
L_0x24230d0 .part RS_0x7f7256f9d108, 9, 1;
L_0x24235a0 .part RS_0x7f7256f9d168, 11, 1;
L_0x2423690 .part RS_0x7f7256f9d168, 10, 1;
L_0x2423780 .part RS_0x7f7256f9d168, 9, 1;
L_0x2423930 .part RS_0x7f7256f9d108, 8, 1;
L_0x2424500 .part RS_0x7f7256f9d108, 11, 1;
L_0x2423260 .part RS_0x7f7256f9d168, 15, 1;
L_0x2423350 .part RS_0x7f7256f9d108, 14, 1;
L_0x24234e0 .part RS_0x7f7256f9d168, 15, 1;
L_0x2424080 .part RS_0x7f7256f9d168, 14, 1;
L_0x2424170 .part RS_0x7f7256f9d108, 13, 1;
L_0x2424300 .part RS_0x7f7256f9d168, 15, 1;
L_0x24243f0 .part RS_0x7f7256f9d168, 14, 1;
L_0x2423ce0 .part RS_0x7f7256f9d168, 13, 1;
L_0x2423dd0 .part RS_0x7f7256f9d108, 12, 1;
L_0x2424720 .part RS_0x7f7256f9d108, 15, 1;
    .scope S_0x239f300;
T_0 ;
    %vpi_func 2 177 "$fopen", 8, 32, "cla_copy.txt";
    %set/v v0x240c7e0_0, 8, 32;
    %vpi_call 2 179 "$fwrite", v0x240c7e0_0, "$time, A=%d B=%d Cin=%b : Sum=%d Cout=%b PG=%b GG=%b\012", v0x240c2d0_0, v0x240c380_0, v0x240c430_0, v0x240c730_0, v0x240c4e0_0, v0x240c670_0, v0x240c5c0_0;
    %set/v v0x240c8b0_0, 0, 32;
T_0.0 ;
    %load/v 8, v0x240c8b0_0, 32;
   %cmpi/s 8, 5000, 32;
    %jmp/0xz T_0.1, 5;
    %delay 10, 0;
    %vpi_func 2 184 "$urandom", 8, 32;
    %movi 40, 30000, 32;
    %mod 8, 40, 32;
    %set/v v0x240c2d0_0, 8, 16;
    %vpi_func 2 184 "$urandom", 8, 32;
    %movi 40, 30000, 32;
    %mod 8, 40, 32;
    %set/v v0x240c380_0, 8, 16;
    %set/v v0x240c430_0, 0, 1;
    %vpi_call 2 185 "$fwrite", v0x240c7e0_0, $time, " A=%d B=%d Cin=%b Sum=%d Cout=%b PG=%b GG=%b\012", v0x240c2d0_0, v0x240c380_0, v0x240c430_0, v0x240c730_0, v0x240c4e0_0, v0x240c670_0, v0x240c5c0_0;
    %ix/load 0, 1, 0;
    %load/vp0/s 8, v0x240c8b0_0, 32;
    %set/v v0x240c8b0_0, 8, 32;
    %jmp T_0.0;
T_0.1 ;
    %vpi_call 2 187 "$finish";
    %end;
    .thread T_0;
# The file index is used to find the file name in the following table.
:file_names 3;
    "N/A";
    "<interactive>";
    "cla_zero_copy.v";
