#! /util/verilog-0.9.7/bin/vvp
:ivl_version "0.9.7 " "(v0_9_7)";
:vpi_time_precision + 0;
:vpi_module "system";
:vpi_module "v2005_math";
:vpi_module "va_math";
S_0x225c000 .scope module, "testbench" "testbench" 2 4;
 .timescale 0 0;
v0x227ecc0_0 .net *"_s5", 2 0, C4<000>; 1 drivers
v0x227ed40_0 .net "a", 3 0, v0x227e9f0_0; 1 drivers
v0x227ee10_0 .net "b", 3 0, v0x227ea70_0; 1 drivers
v0x227eee0_0 .net "cin", 0 0, v0x227eaf0_0; 1 drivers
v0x227ef60_0 .net "cout", 0 0, L_0x2280e70; 1 drivers
RS_0x7f9f373d56a8 .resolv tri, L_0x227fac0, L_0x2280360, L_0x2280ac0, L_0x22812f0;
v0x227f030_0 .net8 "sum", 3 0, RS_0x7f9f373d56a8; 4 drivers
L_0x227f0b0 .part RS_0x7f9f373d56a8, 0, 1;
L_0x227f1a0 .concat [ 1 3 0 0], L_0x2280e70, C4<000>;
S_0x227e900 .scope module, "test" "test_adder" 2 7, 2 11, S_0x225c000;
 .timescale 0 0;
v0x227e9f0_0 .var "a", 3 0;
v0x227ea70_0 .var "b", 3 0;
v0x227eaf0_0 .var "cin", 0 0;
v0x227ebc0_0 .net "cout", 0 0, L_0x227f0b0; 1 drivers
v0x227ec40_0 .net "sum", 3 0, L_0x227f1a0; 1 drivers
S_0x225cfc0 .scope module, "fa" "_4bits" 2 8, 2 30, S_0x225c000;
 .timescale 0 0;
v0x227e360_0 .alias "a", 3 0, v0x227ed40_0;
v0x227e420_0 .alias "b", 3 0, v0x227ee10_0;
v0x227e4c0_0 .net "c0", 0 0, L_0x227f6a0; 1 drivers
v0x227e590_0 .net "c1", 0 0, L_0x227fe20; 1 drivers
v0x227e660_0 .net "c2", 0 0, L_0x2280740; 1 drivers
v0x227e730_0 .alias "cout", 0 0, v0x227ef60_0;
v0x227e7b0_0 .alias "in_carry", 0 0, v0x227eee0_0;
v0x227e830_0 .alias "sum", 3 0, v0x227f030_0;
L_0x227f860 .part v0x227e9f0_0, 0, 1;
L_0x227f990 .part v0x227ea70_0, 0, 1;
L_0x227fac0 .part/pv L_0x227f390, 0, 1, 4;
L_0x227ffe0 .part v0x227e9f0_0, 1, 1;
L_0x22801a0 .part v0x227ea70_0, 1, 1;
L_0x2280360 .part/pv L_0x227fbc0, 1, 1, 4;
L_0x2280860 .part v0x227e9f0_0, 2, 1;
L_0x2280990 .part v0x227ea70_0, 2, 1;
L_0x2280ac0 .part/pv L_0x2280530, 2, 1, 4;
L_0x2281030 .part v0x227e9f0_0, 3, 1;
L_0x22811c0 .part v0x227ea70_0, 3, 1;
L_0x22812f0 .part/pv L_0x2280bc0, 3, 1, 4;
S_0x227dc90 .scope module, "FA0" "full_adder" 2 36, 2 55, S_0x225cfc0;
 .timescale 0 0;
L_0x227f2d0 .functor XOR 1, L_0x227f860, L_0x227f990, C4<0>, C4<0>;
L_0x227f390 .functor XOR 1, L_0x227f2d0, v0x227eaf0_0, C4<0>, C4<0>;
L_0x227f500 .functor AND 1, L_0x227f860, v0x227eaf0_0, C4<1>, C4<1>;
L_0x227f560 .functor AND 1, L_0x227f990, v0x227eaf0_0, C4<1>, C4<1>;
L_0x227f610 .functor AND 1, L_0x227f860, L_0x227f990, C4<1>, C4<1>;
L_0x227f6a0 .functor OR 1, L_0x227f500, L_0x227f560, L_0x227f610, C4<0>;
v0x227dd80_0 .net "a", 0 0, L_0x227f860; 1 drivers
v0x227de40_0 .net "b", 0 0, L_0x227f990; 1 drivers
v0x227dee0_0 .alias "cin", 0 0, v0x227eee0_0;
v0x227df80_0 .alias "cout", 0 0, v0x227e4c0_0;
v0x227e030_0 .net "sum", 0 0, L_0x227f390; 1 drivers
v0x227e0b0_0 .net "w1", 0 0, L_0x227f2d0; 1 drivers
v0x227e130_0 .net "w2", 0 0, L_0x227f500; 1 drivers
v0x227e1d0_0 .net "w3", 0 0, L_0x227f560; 1 drivers
v0x227e2c0_0 .net "w4", 0 0, L_0x227f610; 1 drivers
S_0x227d5c0 .scope module, "FA1" "full_adder" 2 37, 2 55, S_0x225cfc0;
 .timescale 0 0;
L_0x227fb60 .functor XOR 1, L_0x227ffe0, L_0x22801a0, C4<0>, C4<0>;
L_0x227fbc0 .functor XOR 1, L_0x227fb60, L_0x227f6a0, C4<0>, C4<0>;
L_0x227fcb0 .functor AND 1, L_0x227ffe0, L_0x227f6a0, C4<1>, C4<1>;
L_0x227fd10 .functor AND 1, L_0x22801a0, L_0x227f6a0, C4<1>, C4<1>;
L_0x227fdc0 .functor AND 1, L_0x227ffe0, L_0x22801a0, C4<1>, C4<1>;
L_0x227fe20 .functor OR 1, L_0x227fcb0, L_0x227fd10, L_0x227fdc0, C4<0>;
v0x227d6b0_0 .net "a", 0 0, L_0x227ffe0; 1 drivers
v0x227d770_0 .net "b", 0 0, L_0x22801a0; 1 drivers
v0x227d810_0 .alias "cin", 0 0, v0x227e4c0_0;
v0x227d8b0_0 .alias "cout", 0 0, v0x227e590_0;
v0x227d960_0 .net "sum", 0 0, L_0x227fbc0; 1 drivers
v0x227d9e0_0 .net "w1", 0 0, L_0x227fb60; 1 drivers
v0x227da60_0 .net "w2", 0 0, L_0x227fcb0; 1 drivers
v0x227db00_0 .net "w3", 0 0, L_0x227fd10; 1 drivers
v0x227dbf0_0 .net "w4", 0 0, L_0x227fdc0; 1 drivers
S_0x227cef0 .scope module, "FA2" "full_adder" 2 38, 2 55, S_0x225cfc0;
 .timescale 0 0;
L_0x22804d0 .functor XOR 1, L_0x2280860, L_0x2280990, C4<0>, C4<0>;
L_0x2280530 .functor XOR 1, L_0x22804d0, L_0x227fe20, C4<0>, C4<0>;
L_0x2280620 .functor AND 1, L_0x2280860, L_0x227fe20, C4<1>, C4<1>;
L_0x2280680 .functor AND 1, L_0x2280990, L_0x227fe20, C4<1>, C4<1>;
L_0x22806e0 .functor AND 1, L_0x2280860, L_0x2280990, C4<1>, C4<1>;
L_0x2280740 .functor OR 1, L_0x2280620, L_0x2280680, L_0x22806e0, C4<0>;
v0x227cfe0_0 .net "a", 0 0, L_0x2280860; 1 drivers
v0x227d0a0_0 .net "b", 0 0, L_0x2280990; 1 drivers
v0x227d140_0 .alias "cin", 0 0, v0x227e590_0;
v0x227d1e0_0 .alias "cout", 0 0, v0x227e660_0;
v0x227d290_0 .net "sum", 0 0, L_0x2280530; 1 drivers
v0x227d310_0 .net "w1", 0 0, L_0x22804d0; 1 drivers
v0x227d390_0 .net "w2", 0 0, L_0x2280620; 1 drivers
v0x227d430_0 .net "w3", 0 0, L_0x2280680; 1 drivers
v0x227d520_0 .net "w4", 0 0, L_0x22806e0; 1 drivers
S_0x225a370 .scope module, "FA3" "full_adder" 2 39, 2 55, S_0x225cfc0;
 .timescale 0 0;
L_0x2280b60 .functor XOR 1, L_0x2281030, L_0x22811c0, C4<0>, C4<0>;
L_0x2280bc0 .functor XOR 1, L_0x2280b60, L_0x2280740, C4<0>, C4<0>;
L_0x2280d00 .functor AND 1, L_0x2281030, L_0x2280740, C4<1>, C4<1>;
L_0x2280d60 .functor AND 1, L_0x22811c0, L_0x2280740, C4<1>, C4<1>;
L_0x2280e10 .functor AND 1, L_0x2281030, L_0x22811c0, C4<1>, C4<1>;
L_0x2280e70 .functor OR 1, L_0x2280d00, L_0x2280d60, L_0x2280e10, C4<0>;
v0x225b3b0_0 .net "a", 0 0, L_0x2281030; 1 drivers
v0x227c950_0 .net "b", 0 0, L_0x22811c0; 1 drivers
v0x227c9f0_0 .alias "cin", 0 0, v0x227e660_0;
v0x227ca90_0 .alias "cout", 0 0, v0x227ef60_0;
v0x227cb40_0 .net "sum", 0 0, L_0x2280bc0; 1 drivers
v0x227cbe0_0 .net "w1", 0 0, L_0x2280b60; 1 drivers
v0x227ccc0_0 .net "w2", 0 0, L_0x2280d00; 1 drivers
v0x227cd60_0 .net "w3", 0 0, L_0x2280d60; 1 drivers
v0x227ce50_0 .net "w4", 0 0, L_0x2280e10; 1 drivers
    .scope S_0x227e900;
T_0 ;
    %vpi_call 2 20 "$monitor", $time, "a =%b, b =%b, cin =%b, sum =%b, cout =%b", v0x227e9f0_0, v0x227ea70_0, v0x227eaf0_0, v0x227ec40_0, v0x227ebc0_0;
    %vpi_call 2 21 "$display", $time, "a =%b, b =%b, cin =%b, sum =%b, cout =%b", v0x227e9f0_0, v0x227ea70_0, v0x227eaf0_0, v0x227ec40_0, v0x227ebc0_0;
    %delay 20, 0;
    %movi 8, 2, 4;
    %set/v v0x227e9f0_0, 8, 4;
    %movi 8, 3, 4;
    %set/v v0x227ea70_0, 8, 4;
    %set/v v0x227eaf0_0, 0, 1;
    %delay 20, 0;
    %movi 8, 1, 4;
    %set/v v0x227e9f0_0, 8, 4;
    %movi 8, 7, 4;
    %set/v v0x227ea70_0, 8, 4;
    %set/v v0x227eaf0_0, 0, 1;
    %delay 20, 0;
    %movi 8, 4, 4;
    %set/v v0x227e9f0_0, 8, 4;
    %movi 8, 10, 4;
    %set/v v0x227ea70_0, 8, 4;
    %set/v v0x227eaf0_0, 0, 1;
    %delay 20, 0;
    %movi 8, 1, 4;
    %set/v v0x227e9f0_0, 8, 4;
    %movi 8, 2, 4;
    %set/v v0x227ea70_0, 8, 4;
    %set/v v0x227eaf0_0, 0, 1;
    %vpi_call 2 26 "$display", $time, "a =%b, b =%b, cin =%b, sum =%b, cout =%b", v0x227e9f0_0, v0x227ea70_0, v0x227eaf0_0, v0x227ec40_0, v0x227ebc0_0;
    %end;
    .thread T_0;
# The file index is used to find the file name in the following table.
:file_names 3;
    "N/A";
    "<interactive>";
    "ripple_carry_adder.v";
